[2022-12-27 07:42:02] local.ERROR: Please provide a valid cache path. {"exception":"[object] (InvalidArgumentException(code: 0): Please provide a valid cache path. at C:\\Users\\Infomedia\\Desktop\\sve sa desktopa\\pero\\alpaka-news\\vendor\\laravel\\framework\\src\\Illuminate\\View\\Compilers\\Compiler.php:36)
[stacktrace]
#0 C:\\Users\\Infomedia\\Desktop\\sve sa desktopa\\pero\\alpaka-news\\vendor\\laravel\\framework\\src\\Illuminate\\View\\ViewServiceProvider.php(88): Illuminate\\View\\Compilers\\Compiler->__construct(Object(Illuminate\\Filesystem\\Filesystem), false)
#1 C:\\Users\\Infomedia\\Desktop\\sve sa desktopa\\pero\\alpaka-news\\vendor\\laravel\\framework\\src\\Illuminate\\Container\\Container.php(873): Illuminate\\View\\ViewServiceProvider->Illuminate\\View\\{closure}(Object(Illuminate\\Foundation\\Application), Array)
#2 C:\\Users\\Infomedia\\Desktop\\sve sa desktopa\\pero\\alpaka-news\\vendor\\laravel\\framework\\src\\Illuminate\\Container\\Container.php(758): Illuminate\\Container\\Container->build(Object(Closure))
#3 C:\\Users\\Infomedia\\Desktop\\sve sa desktopa\\pero\\alpaka-news\\vendor\\laravel\\framework\\src\\Illuminate\\Foundation\\Application.php(851): Illuminate\\Container\\Container->resolve('blade.compiler', Array, true)
#4 C:\\Users\\Infomedia\\Desktop\\sve sa desktopa\\pero\\alpaka-news\\vendor\\laravel\\framework\\src\\Illuminate\\Container\\Container.php(694): Illuminate\\Foundation\\Application->resolve('blade.compiler', Array)
#5 C:\\Users\\Infomedia\\Desktop\\sve sa desktopa\\pero\\alpaka-news\\vendor\\laravel\\framework\\src\\Illuminate\\Foundation\\Application.php(836): Illuminate\\Container\\Container->make('blade.compiler', Array)
#6 C:\\Users\\Infomedia\\Desktop\\sve sa desktopa\\pero\\alpaka-news\\vendor\\laravel\\framework\\src\\Illuminate\\Container\\Container.php(1419): Illuminate\\Foundation\\Application->make('blade.compiler')
#7 C:\\Users\\Infomedia\\Desktop\\sve sa desktopa\\pero\\alpaka-news\\vendor\\laravel\\framework\\src\\Illuminate\\View\\ViewServiceProvider.php(150): Illuminate\\Container\\Container->offsetGet('blade.compiler')
#8 [internal function]: Illuminate\\View\\ViewServiceProvider->Illuminate\\View\\{closure}()
#9 C:\\Users\\Infomedia\\Desktop\\sve sa desktopa\\pero\\alpaka-news\\vendor\\laravel\\framework\\src\\Illuminate\\View\\Engines\\EngineResolver.php(55): call_user_func(Object(Closure))
#10 C:\\Users\\Infomedia\\Desktop\\sve sa desktopa\\pero\\alpaka-news\\vendor\\facade\\ignition\\src\\IgnitionServiceProvider.php(467): Illuminate\\View\\Engines\\EngineResolver->resolve('blade')
#11 C:\\Users\\Infomedia\\Desktop\\sve sa desktopa\\pero\\alpaka-news\\vendor\\facade\\ignition\\src\\IgnitionServiceProvider.php(158): Facade\\Ignition\\IgnitionServiceProvider->hasCustomViewEnginesRegistered()
#12 C:\\Users\\Infomedia\\Desktop\\sve sa desktopa\\pero\\alpaka-news\\vendor\\facade\\ignition\\src\\IgnitionServiceProvider.php(101): Facade\\Ignition\\IgnitionServiceProvider->registerViewEngines()
#13 C:\\Users\\Infomedia\\Desktop\\sve sa desktopa\\pero\\alpaka-news\\vendor\\laravel\\framework\\src\\Illuminate\\Container\\BoundMethod.php(36): Facade\\Ignition\\IgnitionServiceProvider->boot()
#14 C:\\Users\\Infomedia\\Desktop\\sve sa desktopa\\pero\\alpaka-news\\vendor\\laravel\\framework\\src\\Illuminate\\Container\\Util.php(40): Illuminate\\Container\\BoundMethod::Illuminate\\Container\\{closure}()
#15 C:\\Users\\Infomedia\\Desktop\\sve sa desktopa\\pero\\alpaka-news\\vendor\\laravel\\framework\\src\\Illuminate\\Container\\BoundMethod.php(93): Illuminate\\Container\\Util::unwrapIfClosure(Object(Closure))
#16 C:\\Users\\Infomedia\\Desktop\\sve sa desktopa\\pero\\alpaka-news\\vendor\\laravel\\framework\\src\\Illuminate\\Container\\BoundMethod.php(37): Illuminate\\Container\\BoundMethod::callBoundMethod(Object(Illuminate\\Foundation\\Application), Array, Object(Closure))
#17 C:\\Users\\Infomedia\\Desktop\\sve sa desktopa\\pero\\alpaka-news\\vendor\\laravel\\framework\\src\\Illuminate\\Container\\Container.php(653): Illuminate\\Container\\BoundMethod::call(Object(Illuminate\\Foundation\\Application), Array, Array, NULL)
#18 C:\\Users\\Infomedia\\Desktop\\sve sa desktopa\\pero\\alpaka-news\\vendor\\laravel\\framework\\src\\Illuminate\\Foundation\\Application.php(924): Illuminate\\Container\\Container->call(Array)
#19 C:\\Users\\Infomedia\\Desktop\\sve sa desktopa\\pero\\alpaka-news\\vendor\\laravel\\framework\\src\\Illuminate\\Foundation\\Application.php(905): Illuminate\\Foundation\\Application->bootProvider(Object(Facade\\Ignition\\IgnitionServiceProvider))
#20 [internal function]: Illuminate\\Foundation\\Application->Illuminate\\Foundation\\{closure}(Object(Facade\\Ignition\\IgnitionServiceProvider), 15)
#21 C:\\Users\\Infomedia\\Desktop\\sve sa desktopa\\pero\\alpaka-news\\vendor\\laravel\\framework\\src\\Illuminate\\Foundation\\Application.php(906): array_walk(Array, Object(Closure))
#22 C:\\Users\\Infomedia\\Desktop\\sve sa desktopa\\pero\\alpaka-news\\vendor\\laravel\\framework\\src\\Illuminate\\Foundation\\Bootstrap\\BootProviders.php(17): Illuminate\\Foundation\\Application->boot()
#23 C:\\Users\\Infomedia\\Desktop\\sve sa desktopa\\pero\\alpaka-news\\vendor\\laravel\\framework\\src\\Illuminate\\Foundation\\Application.php(237): Illuminate\\Foundation\\Bootstrap\\BootProviders->bootstrap(Object(Illuminate\\Foundation\\Application))
#24 C:\\Users\\Infomedia\\Desktop\\sve sa desktopa\\pero\\alpaka-news\\vendor\\laravel\\framework\\src\\Illuminate\\Foundation\\Console\\Kernel.php(310): Illuminate\\Foundation\\Application->bootstrapWith(Array)
#25 C:\\Users\\Infomedia\\Desktop\\sve sa desktopa\\pero\\alpaka-news\\vendor\\laravel\\framework\\src\\Illuminate\\Foundation\\Console\\Kernel.php(127): Illuminate\\Foundation\\Console\\Kernel->bootstrap()
#26 C:\\Users\\Infomedia\\Desktop\\sve sa desktopa\\pero\\alpaka-news\\artisan(37): Illuminate\\Foundation\\Console\\Kernel->handle(Object(Symfony\\Component\\Console\\Input\\ArgvInput), Object(Symfony\\Component\\Console\\Output\\ConsoleOutput))
#27 {main}
"} 
[2022-12-27 07:42:40] local.ERROR: Please provide a valid cache path. {"exception":"[object] (InvalidArgumentException(code: 0): Please provide a valid cache path. at C:\\Users\\Infomedia\\Desktop\\sve sa desktopa\\pero\\alpaka-news\\vendor\\laravel\\framework\\src\\Illuminate\\View\\Compilers\\Compiler.php:36)
[stacktrace]
#0 C:\\Users\\Infomedia\\Desktop\\sve sa desktopa\\pero\\alpaka-news\\vendor\\laravel\\framework\\src\\Illuminate\\View\\ViewServiceProvider.php(88): Illuminate\\View\\Compilers\\Compiler->__construct(Object(Illuminate\\Filesystem\\Filesystem), false)
#1 C:\\Users\\Infomedia\\Desktop\\sve sa desktopa\\pero\\alpaka-news\\vendor\\laravel\\framework\\src\\Illuminate\\Container\\Container.php(873): Illuminate\\View\\ViewServiceProvider->Illuminate\\View\\{closure}(Object(Illuminate\\Foundation\\Application), Array)
#2 C:\\Users\\Infomedia\\Desktop\\sve sa desktopa\\pero\\alpaka-news\\vendor\\laravel\\framework\\src\\Illuminate\\Container\\Container.php(758): Illuminate\\Container\\Container->build(Object(Closure))
#3 C:\\Users\\Infomedia\\Desktop\\sve sa desktopa\\pero\\alpaka-news\\vendor\\laravel\\framework\\src\\Illuminate\\Foundation\\Application.php(851): Illuminate\\Container\\Container->resolve('blade.compiler', Array, true)
#4 C:\\Users\\Infomedia\\Desktop\\sve sa desktopa\\pero\\alpaka-news\\vendor\\laravel\\framework\\src\\Illuminate\\Container\\Container.php(694): Illuminate\\Foundation\\Application->resolve('blade.compiler', Array)
#5 C:\\Users\\Infomedia\\Desktop\\sve sa desktopa\\pero\\alpaka-news\\vendor\\laravel\\framework\\src\\Illuminate\\Foundation\\Application.php(836): Illuminate\\Container\\Container->make('blade.compiler', Array)
#6 C:\\Users\\Infomedia\\Desktop\\sve sa desktopa\\pero\\alpaka-news\\vendor\\laravel\\framework\\src\\Illuminate\\Container\\Container.php(1419): Illuminate\\Foundation\\Application->make('blade.compiler')
#7 C:\\Users\\Infomedia\\Desktop\\sve sa desktopa\\pero\\alpaka-news\\vendor\\laravel\\framework\\src\\Illuminate\\View\\ViewServiceProvider.php(150): Illuminate\\Container\\Container->offsetGet('blade.compiler')
#8 [internal function]: Illuminate\\View\\ViewServiceProvider->Illuminate\\View\\{closure}()
#9 C:\\Users\\Infomedia\\Desktop\\sve sa desktopa\\pero\\alpaka-news\\vendor\\laravel\\framework\\src\\Illuminate\\View\\Engines\\EngineResolver.php(55): call_user_func(Object(Closure))
#10 C:\\Users\\Infomedia\\Desktop\\sve sa desktopa\\pero\\alpaka-news\\vendor\\facade\\ignition\\src\\IgnitionServiceProvider.php(467): Illuminate\\View\\Engines\\EngineResolver->resolve('blade')
#11 C:\\Users\\Infomedia\\Desktop\\sve sa desktopa\\pero\\alpaka-news\\vendor\\facade\\ignition\\src\\IgnitionServiceProvider.php(158): Facade\\Ignition\\IgnitionServiceProvider->hasCustomViewEnginesRegistered()
#12 C:\\Users\\Infomedia\\Desktop\\sve sa desktopa\\pero\\alpaka-news\\vendor\\facade\\ignition\\src\\IgnitionServiceProvider.php(101): Facade\\Ignition\\IgnitionServiceProvider->registerViewEngines()
#13 C:\\Users\\Infomedia\\Desktop\\sve sa desktopa\\pero\\alpaka-news\\vendor\\laravel\\framework\\src\\Illuminate\\Container\\BoundMethod.php(36): Facade\\Ignition\\IgnitionServiceProvider->boot()
#14 C:\\Users\\Infomedia\\Desktop\\sve sa desktopa\\pero\\alpaka-news\\vendor\\laravel\\framework\\src\\Illuminate\\Container\\Util.php(40): Illuminate\\Container\\BoundMethod::Illuminate\\Container\\{closure}()
#15 C:\\Users\\Infomedia\\Desktop\\sve sa desktopa\\pero\\alpaka-news\\vendor\\laravel\\framework\\src\\Illuminate\\Container\\BoundMethod.php(93): Illuminate\\Container\\Util::unwrapIfClosure(Object(Closure))
#16 C:\\Users\\Infomedia\\Desktop\\sve sa desktopa\\pero\\alpaka-news\\vendor\\laravel\\framework\\src\\Illuminate\\Container\\BoundMethod.php(37): Illuminate\\Container\\BoundMethod::callBoundMethod(Object(Illuminate\\Foundation\\Application), Array, Object(Closure))
#17 C:\\Users\\Infomedia\\Desktop\\sve sa desktopa\\pero\\alpaka-news\\vendor\\laravel\\framework\\src\\Illuminate\\Container\\Container.php(653): Illuminate\\Container\\BoundMethod::call(Object(Illuminate\\Foundation\\Application), Array, Array, NULL)
#18 C:\\Users\\Infomedia\\Desktop\\sve sa desktopa\\pero\\alpaka-news\\vendor\\laravel\\framework\\src\\Illuminate\\Foundation\\Application.php(924): Illuminate\\Container\\Container->call(Array)
#19 C:\\Users\\Infomedia\\Desktop\\sve sa desktopa\\pero\\alpaka-news\\vendor\\laravel\\framework\\src\\Illuminate\\Foundation\\Application.php(905): Illuminate\\Foundation\\Application->bootProvider(Object(Facade\\Ignition\\IgnitionServiceProvider))
#20 [internal function]: Illuminate\\Foundation\\Application->Illuminate\\Foundation\\{closure}(Object(Facade\\Ignition\\IgnitionServiceProvider), 15)
#21 C:\\Users\\Infomedia\\Desktop\\sve sa desktopa\\pero\\alpaka-news\\vendor\\laravel\\framework\\src\\Illuminate\\Foundation\\Application.php(906): array_walk(Array, Object(Closure))
#22 C:\\Users\\Infomedia\\Desktop\\sve sa desktopa\\pero\\alpaka-news\\vendor\\laravel\\framework\\src\\Illuminate\\Foundation\\Bootstrap\\BootProviders.php(17): Illuminate\\Foundation\\Application->boot()
#23 C:\\Users\\Infomedia\\Desktop\\sve sa desktopa\\pero\\alpaka-news\\vendor\\laravel\\framework\\src\\Illuminate\\Foundation\\Application.php(237): Illuminate\\Foundation\\Bootstrap\\BootProviders->bootstrap(Object(Illuminate\\Foundation\\Application))
#24 C:\\Users\\Infomedia\\Desktop\\sve sa desktopa\\pero\\alpaka-news\\vendor\\laravel\\framework\\src\\Illuminate\\Foundation\\Console\\Kernel.php(310): Illuminate\\Foundation\\Application->bootstrapWith(Array)
#25 C:\\Users\\Infomedia\\Desktop\\sve sa desktopa\\pero\\alpaka-news\\vendor\\laravel\\framework\\src\\Illuminate\\Foundation\\Console\\Kernel.php(127): Illuminate\\Foundation\\Console\\Kernel->bootstrap()
#26 C:\\Users\\Infomedia\\Desktop\\sve sa desktopa\\pero\\alpaka-news\\artisan(37): Illuminate\\Foundation\\Console\\Kernel->handle(Object(Symfony\\Component\\Console\\Input\\ArgvInput), Object(Symfony\\Component\\Console\\Output\\ConsoleOutput))
#27 {main}
"} 
[2022-12-27 07:43:33] local.ERROR: Please provide a valid cache path. {"exception":"[object] (InvalidArgumentException(code: 0): Please provide a valid cache path. at C:\\Users\\Infomedia\\Desktop\\sve sa desktopa\\pero\\alpaka-news\\vendor\\laravel\\framework\\src\\Illuminate\\View\\Compilers\\Compiler.php:36)
[stacktrace]
#0 C:\\Users\\Infomedia\\Desktop\\sve sa desktopa\\pero\\alpaka-news\\vendor\\laravel\\framework\\src\\Illuminate\\View\\ViewServiceProvider.php(88): Illuminate\\View\\Compilers\\Compiler->__construct(Object(Illuminate\\Filesystem\\Filesystem), false)
#1 C:\\Users\\Infomedia\\Desktop\\sve sa desktopa\\pero\\alpaka-news\\vendor\\laravel\\framework\\src\\Illuminate\\Container\\Container.php(873): Illuminate\\View\\ViewServiceProvider->Illuminate\\View\\{closure}(Object(Illuminate\\Foundation\\Application), Array)
#2 C:\\Users\\Infomedia\\Desktop\\sve sa desktopa\\pero\\alpaka-news\\vendor\\laravel\\framework\\src\\Illuminate\\Container\\Container.php(758): Illuminate\\Container\\Container->build(Object(Closure))
#3 C:\\Users\\Infomedia\\Desktop\\sve sa desktopa\\pero\\alpaka-news\\vendor\\laravel\\framework\\src\\Illuminate\\Foundation\\Application.php(851): Illuminate\\Container\\Container->resolve('blade.compiler', Array, true)
#4 C:\\Users\\Infomedia\\Desktop\\sve sa desktopa\\pero\\alpaka-news\\vendor\\laravel\\framework\\src\\Illuminate\\Container\\Container.php(694): Illuminate\\Foundation\\Application->resolve('blade.compiler', Array)
#5 C:\\Users\\Infomedia\\Desktop\\sve sa desktopa\\pero\\alpaka-news\\vendor\\laravel\\framework\\src\\Illuminate\\Foundation\\Application.php(836): Illuminate\\Container\\Container->make('blade.compiler', Array)
#6 C:\\Users\\Infomedia\\Desktop\\sve sa desktopa\\pero\\alpaka-news\\vendor\\laravel\\framework\\src\\Illuminate\\Container\\Container.php(1419): Illuminate\\Foundation\\Application->make('blade.compiler')
#7 C:\\Users\\Infomedia\\Desktop\\sve sa desktopa\\pero\\alpaka-news\\vendor\\laravel\\framework\\src\\Illuminate\\View\\ViewServiceProvider.php(150): Illuminate\\Container\\Container->offsetGet('blade.compiler')
#8 [internal function]: Illuminate\\View\\ViewServiceProvider->Illuminate\\View\\{closure}()
#9 C:\\Users\\Infomedia\\Desktop\\sve sa desktopa\\pero\\alpaka-news\\vendor\\laravel\\framework\\src\\Illuminate\\View\\Engines\\EngineResolver.php(55): call_user_func(Object(Closure))
#10 C:\\Users\\Infomedia\\Desktop\\sve sa desktopa\\pero\\alpaka-news\\vendor\\facade\\ignition\\src\\IgnitionServiceProvider.php(467): Illuminate\\View\\Engines\\EngineResolver->resolve('blade')
#11 C:\\Users\\Infomedia\\Desktop\\sve sa desktopa\\pero\\alpaka-news\\vendor\\facade\\ignition\\src\\IgnitionServiceProvider.php(158): Facade\\Ignition\\IgnitionServiceProvider->hasCustomViewEnginesRegistered()
#12 C:\\Users\\Infomedia\\Desktop\\sve sa desktopa\\pero\\alpaka-news\\vendor\\facade\\ignition\\src\\IgnitionServiceProvider.php(101): Facade\\Ignition\\IgnitionServiceProvider->registerViewEngines()
#13 C:\\Users\\Infomedia\\Desktop\\sve sa desktopa\\pero\\alpaka-news\\vendor\\laravel\\framework\\src\\Illuminate\\Container\\BoundMethod.php(36): Facade\\Ignition\\IgnitionServiceProvider->boot()
#14 C:\\Users\\Infomedia\\Desktop\\sve sa desktopa\\pero\\alpaka-news\\vendor\\laravel\\framework\\src\\Illuminate\\Container\\Util.php(40): Illuminate\\Container\\BoundMethod::Illuminate\\Container\\{closure}()
#15 C:\\Users\\Infomedia\\Desktop\\sve sa desktopa\\pero\\alpaka-news\\vendor\\laravel\\framework\\src\\Illuminate\\Container\\BoundMethod.php(93): Illuminate\\Container\\Util::unwrapIfClosure(Object(Closure))
#16 C:\\Users\\Infomedia\\Desktop\\sve sa desktopa\\pero\\alpaka-news\\vendor\\laravel\\framework\\src\\Illuminate\\Container\\BoundMethod.php(37): Illuminate\\Container\\BoundMethod::callBoundMethod(Object(Illuminate\\Foundation\\Application), Array, Object(Closure))
#17 C:\\Users\\Infomedia\\Desktop\\sve sa desktopa\\pero\\alpaka-news\\vendor\\laravel\\framework\\src\\Illuminate\\Container\\Container.php(653): Illuminate\\Container\\BoundMethod::call(Object(Illuminate\\Foundation\\Application), Array, Array, NULL)
#18 C:\\Users\\Infomedia\\Desktop\\sve sa desktopa\\pero\\alpaka-news\\vendor\\laravel\\framework\\src\\Illuminate\\Foundation\\Application.php(924): Illuminate\\Container\\Container->call(Array)
#19 C:\\Users\\Infomedia\\Desktop\\sve sa desktopa\\pero\\alpaka-news\\vendor\\laravel\\framework\\src\\Illuminate\\Foundation\\Application.php(905): Illuminate\\Foundation\\Application->bootProvider(Object(Facade\\Ignition\\IgnitionServiceProvider))
#20 [internal function]: Illuminate\\Foundation\\Application->Illuminate\\Foundation\\{closure}(Object(Facade\\Ignition\\IgnitionServiceProvider), 15)
#21 C:\\Users\\Infomedia\\Desktop\\sve sa desktopa\\pero\\alpaka-news\\vendor\\laravel\\framework\\src\\Illuminate\\Foundation\\Application.php(906): array_walk(Array, Object(Closure))
#22 C:\\Users\\Infomedia\\Desktop\\sve sa desktopa\\pero\\alpaka-news\\vendor\\laravel\\framework\\src\\Illuminate\\Foundation\\Bootstrap\\BootProviders.php(17): Illuminate\\Foundation\\Application->boot()
#23 C:\\Users\\Infomedia\\Desktop\\sve sa desktopa\\pero\\alpaka-news\\vendor\\laravel\\framework\\src\\Illuminate\\Foundation\\Application.php(237): Illuminate\\Foundation\\Bootstrap\\BootProviders->bootstrap(Object(Illuminate\\Foundation\\Application))
#24 C:\\Users\\Infomedia\\Desktop\\sve sa desktopa\\pero\\alpaka-news\\vendor\\laravel\\framework\\src\\Illuminate\\Foundation\\Console\\Kernel.php(310): Illuminate\\Foundation\\Application->bootstrapWith(Array)
#25 C:\\Users\\Infomedia\\Desktop\\sve sa desktopa\\pero\\alpaka-news\\vendor\\laravel\\framework\\src\\Illuminate\\Foundation\\Console\\Kernel.php(127): Illuminate\\Foundation\\Console\\Kernel->bootstrap()
#26 C:\\Users\\Infomedia\\Desktop\\sve sa desktopa\\pero\\alpaka-news\\artisan(37): Illuminate\\Foundation\\Console\\Kernel->handle(Object(Symfony\\Component\\Console\\Input\\ArgvInput), Object(Symfony\\Component\\Console\\Output\\ConsoleOutput))
#27 {main}
"} 
[2022-12-27 07:48:35] local.ERROR: Please provide a valid cache path. {"exception":"[object] (InvalidArgumentException(code: 0): Please provide a valid cache path. at C:\\Users\\Infomedia\\Desktop\\pero\\alpaka-news\\vendor\\laravel\\framework\\src\\Illuminate\\View\\Compilers\\Compiler.php:36)
[stacktrace]
#0 C:\\Users\\Infomedia\\Desktop\\pero\\alpaka-news\\vendor\\laravel\\framework\\src\\Illuminate\\View\\ViewServiceProvider.php(88): Illuminate\\View\\Compilers\\Compiler->__construct(Object(Illuminate\\Filesystem\\Filesystem), false)
#1 C:\\Users\\Infomedia\\Desktop\\pero\\alpaka-news\\vendor\\laravel\\framework\\src\\Illuminate\\Container\\Container.php(873): Illuminate\\View\\ViewServiceProvider->Illuminate\\View\\{closure}(Object(Illuminate\\Foundation\\Application), Array)
#2 C:\\Users\\Infomedia\\Desktop\\pero\\alpaka-news\\vendor\\laravel\\framework\\src\\Illuminate\\Container\\Container.php(758): Illuminate\\Container\\Container->build(Object(Closure))
#3 C:\\Users\\Infomedia\\Desktop\\pero\\alpaka-news\\vendor\\laravel\\framework\\src\\Illuminate\\Foundation\\Application.php(851): Illuminate\\Container\\Container->resolve('blade.compiler', Array, true)
#4 C:\\Users\\Infomedia\\Desktop\\pero\\alpaka-news\\vendor\\laravel\\framework\\src\\Illuminate\\Container\\Container.php(694): Illuminate\\Foundation\\Application->resolve('blade.compiler', Array)
#5 C:\\Users\\Infomedia\\Desktop\\pero\\alpaka-news\\vendor\\laravel\\framework\\src\\Illuminate\\Foundation\\Application.php(836): Illuminate\\Container\\Container->make('blade.compiler', Array)
#6 C:\\Users\\Infomedia\\Desktop\\pero\\alpaka-news\\vendor\\laravel\\framework\\src\\Illuminate\\Container\\Container.php(1419): Illuminate\\Foundation\\Application->make('blade.compiler')
#7 C:\\Users\\Infomedia\\Desktop\\pero\\alpaka-news\\vendor\\laravel\\framework\\src\\Illuminate\\View\\ViewServiceProvider.php(150): Illuminate\\Container\\Container->offsetGet('blade.compiler')
#8 [internal function]: Illuminate\\View\\ViewServiceProvider->Illuminate\\View\\{closure}()
#9 C:\\Users\\Infomedia\\Desktop\\pero\\alpaka-news\\vendor\\laravel\\framework\\src\\Illuminate\\View\\Engines\\EngineResolver.php(55): call_user_func(Object(Closure))
#10 C:\\Users\\Infomedia\\Desktop\\pero\\alpaka-news\\vendor\\facade\\ignition\\src\\IgnitionServiceProvider.php(467): Illuminate\\View\\Engines\\EngineResolver->resolve('blade')
#11 C:\\Users\\Infomedia\\Desktop\\pero\\alpaka-news\\vendor\\facade\\ignition\\src\\IgnitionServiceProvider.php(158): Facade\\Ignition\\IgnitionServiceProvider->hasCustomViewEnginesRegistered()
#12 C:\\Users\\Infomedia\\Desktop\\pero\\alpaka-news\\vendor\\facade\\ignition\\src\\IgnitionServiceProvider.php(101): Facade\\Ignition\\IgnitionServiceProvider->registerViewEngines()
#13 C:\\Users\\Infomedia\\Desktop\\pero\\alpaka-news\\vendor\\laravel\\framework\\src\\Illuminate\\Container\\BoundMethod.php(36): Facade\\Ignition\\IgnitionServiceProvider->boot()
#14 C:\\Users\\Infomedia\\Desktop\\pero\\alpaka-news\\vendor\\laravel\\framework\\src\\Illuminate\\Container\\Util.php(40): Illuminate\\Container\\BoundMethod::Illuminate\\Container\\{closure}()
#15 C:\\Users\\Infomedia\\Desktop\\pero\\alpaka-news\\vendor\\laravel\\framework\\src\\Illuminate\\Container\\BoundMethod.php(93): Illuminate\\Container\\Util::unwrapIfClosure(Object(Closure))
#16 C:\\Users\\Infomedia\\Desktop\\pero\\alpaka-news\\vendor\\laravel\\framework\\src\\Illuminate\\Container\\BoundMethod.php(37): Illuminate\\Container\\BoundMethod::callBoundMethod(Object(Illuminate\\Foundation\\Application), Array, Object(Closure))
#17 C:\\Users\\Infomedia\\Desktop\\pero\\alpaka-news\\vendor\\laravel\\framework\\src\\Illuminate\\Container\\Container.php(653): Illuminate\\Container\\BoundMethod::call(Object(Illuminate\\Foundation\\Application), Array, Array, NULL)
#18 C:\\Users\\Infomedia\\Desktop\\pero\\alpaka-news\\vendor\\laravel\\framework\\src\\Illuminate\\Foundation\\Application.php(924): Illuminate\\Container\\Container->call(Array)
#19 C:\\Users\\Infomedia\\Desktop\\pero\\alpaka-news\\vendor\\laravel\\framework\\src\\Illuminate\\Foundation\\Application.php(905): Illuminate\\Foundation\\Application->bootProvider(Object(Facade\\Ignition\\IgnitionServiceProvider))
#20 [internal function]: Illuminate\\Foundation\\Application->Illuminate\\Foundation\\{closure}(Object(Facade\\Ignition\\IgnitionServiceProvider), 15)
#21 C:\\Users\\Infomedia\\Desktop\\pero\\alpaka-news\\vendor\\laravel\\framework\\src\\Illuminate\\Foundation\\Application.php(906): array_walk(Array, Object(Closure))
#22 C:\\Users\\Infomedia\\Desktop\\pero\\alpaka-news\\vendor\\laravel\\framework\\src\\Illuminate\\Foundation\\Bootstrap\\BootProviders.php(17): Illuminate\\Foundation\\Application->boot()
#23 C:\\Users\\Infomedia\\Desktop\\pero\\alpaka-news\\vendor\\laravel\\framework\\src\\Illuminate\\Foundation\\Application.php(237): Illuminate\\Foundation\\Bootstrap\\BootProviders->bootstrap(Object(Illuminate\\Foundation\\Application))
#24 C:\\Users\\Infomedia\\Desktop\\pero\\alpaka-news\\vendor\\laravel\\framework\\src\\Illuminate\\Foundation\\Console\\Kernel.php(310): Illuminate\\Foundation\\Application->bootstrapWith(Array)
#25 C:\\Users\\Infomedia\\Desktop\\pero\\alpaka-news\\vendor\\laravel\\framework\\src\\Illuminate\\Foundation\\Console\\Kernel.php(127): Illuminate\\Foundation\\Console\\Kernel->bootstrap()
#26 C:\\Users\\Infomedia\\Desktop\\pero\\alpaka-news\\artisan(37): Illuminate\\Foundation\\Console\\Kernel->handle(Object(Symfony\\Component\\Console\\Input\\ArgvInput), Object(Symfony\\Component\\Console\\Output\\ConsoleOutput))
#27 {main}
"} 
[2022-12-27 07:49:29] local.ERROR: Please provide a valid cache path. {"exception":"[object] (InvalidArgumentException(code: 0): Please provide a valid cache path. at C:\\Users\\Infomedia\\Desktop\\pero\\alpaka-news\\vendor\\laravel\\framework\\src\\Illuminate\\View\\Compilers\\Compiler.php:36)
[stacktrace]
#0 C:\\Users\\Infomedia\\Desktop\\pero\\alpaka-news\\vendor\\laravel\\framework\\src\\Illuminate\\View\\ViewServiceProvider.php(88): Illuminate\\View\\Compilers\\Compiler->__construct(Object(Illuminate\\Filesystem\\Filesystem), false)
#1 C:\\Users\\Infomedia\\Desktop\\pero\\alpaka-news\\vendor\\laravel\\framework\\src\\Illuminate\\Container\\Container.php(873): Illuminate\\View\\ViewServiceProvider->Illuminate\\View\\{closure}(Object(Illuminate\\Foundation\\Application), Array)
#2 C:\\Users\\Infomedia\\Desktop\\pero\\alpaka-news\\vendor\\laravel\\framework\\src\\Illuminate\\Container\\Container.php(758): Illuminate\\Container\\Container->build(Object(Closure))
#3 C:\\Users\\Infomedia\\Desktop\\pero\\alpaka-news\\vendor\\laravel\\framework\\src\\Illuminate\\Foundation\\Application.php(851): Illuminate\\Container\\Container->resolve('blade.compiler', Array, true)
#4 C:\\Users\\Infomedia\\Desktop\\pero\\alpaka-news\\vendor\\laravel\\framework\\src\\Illuminate\\Container\\Container.php(694): Illuminate\\Foundation\\Application->resolve('blade.compiler', Array)
#5 C:\\Users\\Infomedia\\Desktop\\pero\\alpaka-news\\vendor\\laravel\\framework\\src\\Illuminate\\Foundation\\Application.php(836): Illuminate\\Container\\Container->make('blade.compiler', Array)
#6 C:\\Users\\Infomedia\\Desktop\\pero\\alpaka-news\\vendor\\laravel\\framework\\src\\Illuminate\\Container\\Container.php(1419): Illuminate\\Foundation\\Application->make('blade.compiler')
#7 C:\\Users\\Infomedia\\Desktop\\pero\\alpaka-news\\vendor\\laravel\\framework\\src\\Illuminate\\View\\ViewServiceProvider.php(150): Illuminate\\Container\\Container->offsetGet('blade.compiler')
#8 [internal function]: Illuminate\\View\\ViewServiceProvider->Illuminate\\View\\{closure}()
#9 C:\\Users\\Infomedia\\Desktop\\pero\\alpaka-news\\vendor\\laravel\\framework\\src\\Illuminate\\View\\Engines\\EngineResolver.php(55): call_user_func(Object(Closure))
#10 C:\\Users\\Infomedia\\Desktop\\pero\\alpaka-news\\vendor\\facade\\ignition\\src\\IgnitionServiceProvider.php(467): Illuminate\\View\\Engines\\EngineResolver->resolve('blade')
#11 C:\\Users\\Infomedia\\Desktop\\pero\\alpaka-news\\vendor\\facade\\ignition\\src\\IgnitionServiceProvider.php(158): Facade\\Ignition\\IgnitionServiceProvider->hasCustomViewEnginesRegistered()
#12 C:\\Users\\Infomedia\\Desktop\\pero\\alpaka-news\\vendor\\facade\\ignition\\src\\IgnitionServiceProvider.php(101): Facade\\Ignition\\IgnitionServiceProvider->registerViewEngines()
#13 C:\\Users\\Infomedia\\Desktop\\pero\\alpaka-news\\vendor\\laravel\\framework\\src\\Illuminate\\Container\\BoundMethod.php(36): Facade\\Ignition\\IgnitionServiceProvider->boot()
#14 C:\\Users\\Infomedia\\Desktop\\pero\\alpaka-news\\vendor\\laravel\\framework\\src\\Illuminate\\Container\\Util.php(40): Illuminate\\Container\\BoundMethod::Illuminate\\Container\\{closure}()
#15 C:\\Users\\Infomedia\\Desktop\\pero\\alpaka-news\\vendor\\laravel\\framework\\src\\Illuminate\\Container\\BoundMethod.php(93): Illuminate\\Container\\Util::unwrapIfClosure(Object(Closure))
#16 C:\\Users\\Infomedia\\Desktop\\pero\\alpaka-news\\vendor\\laravel\\framework\\src\\Illuminate\\Container\\BoundMethod.php(37): Illuminate\\Container\\BoundMethod::callBoundMethod(Object(Illuminate\\Foundation\\Application), Array, Object(Closure))
#17 C:\\Users\\Infomedia\\Desktop\\pero\\alpaka-news\\vendor\\laravel\\framework\\src\\Illuminate\\Container\\Container.php(653): Illuminate\\Container\\BoundMethod::call(Object(Illuminate\\Foundation\\Application), Array, Array, NULL)
#18 C:\\Users\\Infomedia\\Desktop\\pero\\alpaka-news\\vendor\\laravel\\framework\\src\\Illuminate\\Foundation\\Application.php(924): Illuminate\\Container\\Container->call(Array)
#19 C:\\Users\\Infomedia\\Desktop\\pero\\alpaka-news\\vendor\\laravel\\framework\\src\\Illuminate\\Foundation\\Application.php(905): Illuminate\\Foundation\\Application->bootProvider(Object(Facade\\Ignition\\IgnitionServiceProvider))
#20 [internal function]: Illuminate\\Foundation\\Application->Illuminate\\Foundation\\{closure}(Object(Facade\\Ignition\\IgnitionServiceProvider), 15)
#21 C:\\Users\\Infomedia\\Desktop\\pero\\alpaka-news\\vendor\\laravel\\framework\\src\\Illuminate\\Foundation\\Application.php(906): array_walk(Array, Object(Closure))
#22 C:\\Users\\Infomedia\\Desktop\\pero\\alpaka-news\\vendor\\laravel\\framework\\src\\Illuminate\\Foundation\\Bootstrap\\BootProviders.php(17): Illuminate\\Foundation\\Application->boot()
#23 C:\\Users\\Infomedia\\Desktop\\pero\\alpaka-news\\vendor\\laravel\\framework\\src\\Illuminate\\Foundation\\Application.php(237): Illuminate\\Foundation\\Bootstrap\\BootProviders->bootstrap(Object(Illuminate\\Foundation\\Application))
#24 C:\\Users\\Infomedia\\Desktop\\pero\\alpaka-news\\vendor\\laravel\\framework\\src\\Illuminate\\Foundation\\Console\\Kernel.php(310): Illuminate\\Foundation\\Application->bootstrapWith(Array)
#25 C:\\Users\\Infomedia\\Desktop\\pero\\alpaka-news\\vendor\\laravel\\framework\\src\\Illuminate\\Foundation\\Console\\Kernel.php(127): Illuminate\\Foundation\\Console\\Kernel->bootstrap()
#26 C:\\Users\\Infomedia\\Desktop\\pero\\alpaka-news\\artisan(37): Illuminate\\Foundation\\Console\\Kernel->handle(Object(Symfony\\Component\\Console\\Input\\ArgvInput), Object(Symfony\\Component\\Console\\Output\\ConsoleOutput))
#27 {main}
"} 
[2022-12-27 07:49:36] local.ERROR: Please provide a valid cache path. {"exception":"[object] (InvalidArgumentException(code: 0): Please provide a valid cache path. at C:\\Users\\Infomedia\\Desktop\\pero\\alpaka-news\\vendor\\laravel\\framework\\src\\Illuminate\\View\\Compilers\\Compiler.php:36)
[stacktrace]
#0 C:\\Users\\Infomedia\\Desktop\\pero\\alpaka-news\\vendor\\laravel\\framework\\src\\Illuminate\\View\\ViewServiceProvider.php(88): Illuminate\\View\\Compilers\\Compiler->__construct(Object(Illuminate\\Filesystem\\Filesystem), false)
#1 C:\\Users\\Infomedia\\Desktop\\pero\\alpaka-news\\vendor\\laravel\\framework\\src\\Illuminate\\Container\\Container.php(873): Illuminate\\View\\ViewServiceProvider->Illuminate\\View\\{closure}(Object(Illuminate\\Foundation\\Application), Array)
#2 C:\\Users\\Infomedia\\Desktop\\pero\\alpaka-news\\vendor\\laravel\\framework\\src\\Illuminate\\Container\\Container.php(758): Illuminate\\Container\\Container->build(Object(Closure))
#3 C:\\Users\\Infomedia\\Desktop\\pero\\alpaka-news\\vendor\\laravel\\framework\\src\\Illuminate\\Foundation\\Application.php(851): Illuminate\\Container\\Container->resolve('blade.compiler', Array, true)
#4 C:\\Users\\Infomedia\\Desktop\\pero\\alpaka-news\\vendor\\laravel\\framework\\src\\Illuminate\\Container\\Container.php(694): Illuminate\\Foundation\\Application->resolve('blade.compiler', Array)
#5 C:\\Users\\Infomedia\\Desktop\\pero\\alpaka-news\\vendor\\laravel\\framework\\src\\Illuminate\\Foundation\\Application.php(836): Illuminate\\Container\\Container->make('blade.compiler', Array)
#6 C:\\Users\\Infomedia\\Desktop\\pero\\alpaka-news\\vendor\\laravel\\framework\\src\\Illuminate\\Container\\Container.php(1419): Illuminate\\Foundation\\Application->make('blade.compiler')
#7 C:\\Users\\Infomedia\\Desktop\\pero\\alpaka-news\\vendor\\laravel\\framework\\src\\Illuminate\\View\\ViewServiceProvider.php(150): Illuminate\\Container\\Container->offsetGet('blade.compiler')
#8 [internal function]: Illuminate\\View\\ViewServiceProvider->Illuminate\\View\\{closure}()
#9 C:\\Users\\Infomedia\\Desktop\\pero\\alpaka-news\\vendor\\laravel\\framework\\src\\Illuminate\\View\\Engines\\EngineResolver.php(55): call_user_func(Object(Closure))
#10 C:\\Users\\Infomedia\\Desktop\\pero\\alpaka-news\\vendor\\facade\\ignition\\src\\IgnitionServiceProvider.php(467): Illuminate\\View\\Engines\\EngineResolver->resolve('blade')
#11 C:\\Users\\Infomedia\\Desktop\\pero\\alpaka-news\\vendor\\facade\\ignition\\src\\IgnitionServiceProvider.php(158): Facade\\Ignition\\IgnitionServiceProvider->hasCustomViewEnginesRegistered()
#12 C:\\Users\\Infomedia\\Desktop\\pero\\alpaka-news\\vendor\\facade\\ignition\\src\\IgnitionServiceProvider.php(101): Facade\\Ignition\\IgnitionServiceProvider->registerViewEngines()
#13 C:\\Users\\Infomedia\\Desktop\\pero\\alpaka-news\\vendor\\laravel\\framework\\src\\Illuminate\\Container\\BoundMethod.php(36): Facade\\Ignition\\IgnitionServiceProvider->boot()
#14 C:\\Users\\Infomedia\\Desktop\\pero\\alpaka-news\\vendor\\laravel\\framework\\src\\Illuminate\\Container\\Util.php(40): Illuminate\\Container\\BoundMethod::Illuminate\\Container\\{closure}()
#15 C:\\Users\\Infomedia\\Desktop\\pero\\alpaka-news\\vendor\\laravel\\framework\\src\\Illuminate\\Container\\BoundMethod.php(93): Illuminate\\Container\\Util::unwrapIfClosure(Object(Closure))
#16 C:\\Users\\Infomedia\\Desktop\\pero\\alpaka-news\\vendor\\laravel\\framework\\src\\Illuminate\\Container\\BoundMethod.php(37): Illuminate\\Container\\BoundMethod::callBoundMethod(Object(Illuminate\\Foundation\\Application), Array, Object(Closure))
#17 C:\\Users\\Infomedia\\Desktop\\pero\\alpaka-news\\vendor\\laravel\\framework\\src\\Illuminate\\Container\\Container.php(653): Illuminate\\Container\\BoundMethod::call(Object(Illuminate\\Foundation\\Application), Array, Array, NULL)
#18 C:\\Users\\Infomedia\\Desktop\\pero\\alpaka-news\\vendor\\laravel\\framework\\src\\Illuminate\\Foundation\\Application.php(924): Illuminate\\Container\\Container->call(Array)
#19 C:\\Users\\Infomedia\\Desktop\\pero\\alpaka-news\\vendor\\laravel\\framework\\src\\Illuminate\\Foundation\\Application.php(905): Illuminate\\Foundation\\Application->bootProvider(Object(Facade\\Ignition\\IgnitionServiceProvider))
#20 [internal function]: Illuminate\\Foundation\\Application->Illuminate\\Foundation\\{closure}(Object(Facade\\Ignition\\IgnitionServiceProvider), 15)
#21 C:\\Users\\Infomedia\\Desktop\\pero\\alpaka-news\\vendor\\laravel\\framework\\src\\Illuminate\\Foundation\\Application.php(906): array_walk(Array, Object(Closure))
#22 C:\\Users\\Infomedia\\Desktop\\pero\\alpaka-news\\vendor\\laravel\\framework\\src\\Illuminate\\Foundation\\Bootstrap\\BootProviders.php(17): Illuminate\\Foundation\\Application->boot()
#23 C:\\Users\\Infomedia\\Desktop\\pero\\alpaka-news\\vendor\\laravel\\framework\\src\\Illuminate\\Foundation\\Application.php(237): Illuminate\\Foundation\\Bootstrap\\BootProviders->bootstrap(Object(Illuminate\\Foundation\\Application))
#24 C:\\Users\\Infomedia\\Desktop\\pero\\alpaka-news\\vendor\\laravel\\framework\\src\\Illuminate\\Foundation\\Console\\Kernel.php(310): Illuminate\\Foundation\\Application->bootstrapWith(Array)
#25 C:\\Users\\Infomedia\\Desktop\\pero\\alpaka-news\\vendor\\laravel\\framework\\src\\Illuminate\\Foundation\\Console\\Kernel.php(127): Illuminate\\Foundation\\Console\\Kernel->bootstrap()
#26 C:\\Users\\Infomedia\\Desktop\\pero\\alpaka-news\\artisan(37): Illuminate\\Foundation\\Console\\Kernel->handle(Object(Symfony\\Component\\Console\\Input\\ArgvInput), Object(Symfony\\Component\\Console\\Output\\ConsoleOutput))
#27 {main}
"} 
[2022-12-27 07:53:43] local.ERROR: Please provide a valid cache path. {"exception":"[object] (InvalidArgumentException(code: 0): Please provide a valid cache path. at C:\\Users\\Infomedia\\Desktop\\pero\\alpaka-news\\vendor\\laravel\\framework\\src\\Illuminate\\View\\Compilers\\Compiler.php:36)
[stacktrace]
#0 C:\\Users\\Infomedia\\Desktop\\pero\\alpaka-news\\vendor\\laravel\\framework\\src\\Illuminate\\View\\ViewServiceProvider.php(88): Illuminate\\View\\Compilers\\Compiler->__construct(Object(Illuminate\\Filesystem\\Filesystem), false)
#1 C:\\Users\\Infomedia\\Desktop\\pero\\alpaka-news\\vendor\\laravel\\framework\\src\\Illuminate\\Container\\Container.php(873): Illuminate\\View\\ViewServiceProvider->Illuminate\\View\\{closure}(Object(Illuminate\\Foundation\\Application), Array)
#2 C:\\Users\\Infomedia\\Desktop\\pero\\alpaka-news\\vendor\\laravel\\framework\\src\\Illuminate\\Container\\Container.php(758): Illuminate\\Container\\Container->build(Object(Closure))
#3 C:\\Users\\Infomedia\\Desktop\\pero\\alpaka-news\\vendor\\laravel\\framework\\src\\Illuminate\\Foundation\\Application.php(851): Illuminate\\Container\\Container->resolve('blade.compiler', Array, true)
#4 C:\\Users\\Infomedia\\Desktop\\pero\\alpaka-news\\vendor\\laravel\\framework\\src\\Illuminate\\Container\\Container.php(694): Illuminate\\Foundation\\Application->resolve('blade.compiler', Array)
#5 C:\\Users\\Infomedia\\Desktop\\pero\\alpaka-news\\vendor\\laravel\\framework\\src\\Illuminate\\Foundation\\Application.php(836): Illuminate\\Container\\Container->make('blade.compiler', Array)
#6 C:\\Users\\Infomedia\\Desktop\\pero\\alpaka-news\\vendor\\laravel\\framework\\src\\Illuminate\\Container\\Container.php(1419): Illuminate\\Foundation\\Application->make('blade.compiler')
#7 C:\\Users\\Infomedia\\Desktop\\pero\\alpaka-news\\vendor\\laravel\\framework\\src\\Illuminate\\View\\ViewServiceProvider.php(150): Illuminate\\Container\\Container->offsetGet('blade.compiler')
#8 [internal function]: Illuminate\\View\\ViewServiceProvider->Illuminate\\View\\{closure}()
#9 C:\\Users\\Infomedia\\Desktop\\pero\\alpaka-news\\vendor\\laravel\\framework\\src\\Illuminate\\View\\Engines\\EngineResolver.php(55): call_user_func(Object(Closure))
#10 C:\\Users\\Infomedia\\Desktop\\pero\\alpaka-news\\vendor\\facade\\ignition\\src\\IgnitionServiceProvider.php(467): Illuminate\\View\\Engines\\EngineResolver->resolve('blade')
#11 C:\\Users\\Infomedia\\Desktop\\pero\\alpaka-news\\vendor\\facade\\ignition\\src\\IgnitionServiceProvider.php(158): Facade\\Ignition\\IgnitionServiceProvider->hasCustomViewEnginesRegistered()
#12 C:\\Users\\Infomedia\\Desktop\\pero\\alpaka-news\\vendor\\facade\\ignition\\src\\IgnitionServiceProvider.php(101): Facade\\Ignition\\IgnitionServiceProvider->registerViewEngines()
#13 C:\\Users\\Infomedia\\Desktop\\pero\\alpaka-news\\vendor\\laravel\\framework\\src\\Illuminate\\Container\\BoundMethod.php(36): Facade\\Ignition\\IgnitionServiceProvider->boot()
#14 C:\\Users\\Infomedia\\Desktop\\pero\\alpaka-news\\vendor\\laravel\\framework\\src\\Illuminate\\Container\\Util.php(40): Illuminate\\Container\\BoundMethod::Illuminate\\Container\\{closure}()
#15 C:\\Users\\Infomedia\\Desktop\\pero\\alpaka-news\\vendor\\laravel\\framework\\src\\Illuminate\\Container\\BoundMethod.php(93): Illuminate\\Container\\Util::unwrapIfClosure(Object(Closure))
#16 C:\\Users\\Infomedia\\Desktop\\pero\\alpaka-news\\vendor\\laravel\\framework\\src\\Illuminate\\Container\\BoundMethod.php(37): Illuminate\\Container\\BoundMethod::callBoundMethod(Object(Illuminate\\Foundation\\Application), Array, Object(Closure))
#17 C:\\Users\\Infomedia\\Desktop\\pero\\alpaka-news\\vendor\\laravel\\framework\\src\\Illuminate\\Container\\Container.php(653): Illuminate\\Container\\BoundMethod::call(Object(Illuminate\\Foundation\\Application), Array, Array, NULL)
#18 C:\\Users\\Infomedia\\Desktop\\pero\\alpaka-news\\vendor\\laravel\\framework\\src\\Illuminate\\Foundation\\Application.php(924): Illuminate\\Container\\Container->call(Array)
#19 C:\\Users\\Infomedia\\Desktop\\pero\\alpaka-news\\vendor\\laravel\\framework\\src\\Illuminate\\Foundation\\Application.php(905): Illuminate\\Foundation\\Application->bootProvider(Object(Facade\\Ignition\\IgnitionServiceProvider))
#20 [internal function]: Illuminate\\Foundation\\Application->Illuminate\\Foundation\\{closure}(Object(Facade\\Ignition\\IgnitionServiceProvider), 15)
#21 C:\\Users\\Infomedia\\Desktop\\pero\\alpaka-news\\vendor\\laravel\\framework\\src\\Illuminate\\Foundation\\Application.php(906): array_walk(Array, Object(Closure))
#22 C:\\Users\\Infomedia\\Desktop\\pero\\alpaka-news\\vendor\\laravel\\framework\\src\\Illuminate\\Foundation\\Bootstrap\\BootProviders.php(17): Illuminate\\Foundation\\Application->boot()
#23 C:\\Users\\Infomedia\\Desktop\\pero\\alpaka-news\\vendor\\laravel\\framework\\src\\Illuminate\\Foundation\\Application.php(237): Illuminate\\Foundation\\Bootstrap\\BootProviders->bootstrap(Object(Illuminate\\Foundation\\Application))
#24 C:\\Users\\Infomedia\\Desktop\\pero\\alpaka-news\\vendor\\laravel\\framework\\src\\Illuminate\\Foundation\\Console\\Kernel.php(310): Illuminate\\Foundation\\Application->bootstrapWith(Array)
#25 C:\\Users\\Infomedia\\Desktop\\pero\\alpaka-news\\vendor\\laravel\\framework\\src\\Illuminate\\Foundation\\Console\\Kernel.php(127): Illuminate\\Foundation\\Console\\Kernel->bootstrap()
#26 C:\\Users\\Infomedia\\Desktop\\pero\\alpaka-news\\artisan(37): Illuminate\\Foundation\\Console\\Kernel->handle(Object(Symfony\\Component\\Console\\Input\\ArgvInput), Object(Symfony\\Component\\Console\\Output\\ConsoleOutput))
#27 {main}
"} 
[2023-01-03 11:35:42] local.ERROR: SQLSTATE[22001]: String data, right truncated: 1406 Data too long for column 'title' at row 1 (SQL: insert into `articles` (`title`, `image_url`, `link`, `source_id`, `slug`, `updated_at`, `created_at`) values (eyJpdiI6Im9Qb3Frby9xblEvTFFmQU5VNFAwN3c9PSIsInZhbHVlIjoidzRGNlJOb05DVEJiaXk3TmFHc3FSZ0JlVGFSQVBNR2NDMTJxTGd4K1JzZk1mcmd2ZjlyZUJKZGR6dnczNHFJYUxpSi9IT3hxSVNZc1grbEpWT3A4RFJLL1RPbG1ERTNnNFZsbEdNeEpQNm89IiwibWFjIjoiNjVmMzE4NDEwMDVlNjQ4ZjYyMTZhNzY2Y2IyYzZmMjFlMjBjNTUzOGZjNjFmOTYwOTRkYjM3YTEyMWQzYWI1ZiIsInRhZyI6IiJ9, http://localhost:8000/storage/63b4130e45757.jpg, https://www.rtvbn.com/4037275/srpska-nastavila-preuzimanje-comsarovih-propalih-projekata, 1, srpska-nastavila-preuzimanje-comsarovih-propalih-projekata, 2023-01-03 11:35:42, 2023-01-03 11:35:42)) {"exception":"[object] (Illuminate\\Database\\QueryException(code: 22001): SQLSTATE[22001]: String data, right truncated: 1406 Data too long for column 'title' at row 1 (SQL: insert into `articles` (`title`, `image_url`, `link`, `source_id`, `slug`, `updated_at`, `created_at`) values (eyJpdiI6Im9Qb3Frby9xblEvTFFmQU5VNFAwN3c9PSIsInZhbHVlIjoidzRGNlJOb05DVEJiaXk3TmFHc3FSZ0JlVGFSQVBNR2NDMTJxTGd4K1JzZk1mcmd2ZjlyZUJKZGR6dnczNHFJYUxpSi9IT3hxSVNZc1grbEpWT3A4RFJLL1RPbG1ERTNnNFZsbEdNeEpQNm89IiwibWFjIjoiNjVmMzE4NDEwMDVlNjQ4ZjYyMTZhNzY2Y2IyYzZmMjFlMjBjNTUzOGZjNjFmOTYwOTRkYjM3YTEyMWQzYWI1ZiIsInRhZyI6IiJ9, http://localhost:8000/storage/63b4130e45757.jpg, https://www.rtvbn.com/4037275/srpska-nastavila-preuzimanje-comsarovih-propalih-projekata, 1, srpska-nastavila-preuzimanje-comsarovih-propalih-projekata, 2023-01-03 11:35:42, 2023-01-03 11:35:42)) at C:\\Users\\Infomedia\\Desktop\\pero\\alpaka-news\\vendor\\laravel\\framework\\src\\Illuminate\\Database\\Connection.php:712)
[stacktrace]
#0 C:\\Users\\Infomedia\\Desktop\\pero\\alpaka-news\\vendor\\laravel\\framework\\src\\Illuminate\\Database\\Connection.php(672): Illuminate\\Database\\Connection->runQueryCallback('insert into `ar...', Array, Object(Closure))
#1 C:\\Users\\Infomedia\\Desktop\\pero\\alpaka-news\\vendor\\laravel\\framework\\src\\Illuminate\\Database\\Connection.php(502): Illuminate\\Database\\Connection->run('insert into `ar...', Array, Object(Closure))
#2 C:\\Users\\Infomedia\\Desktop\\pero\\alpaka-news\\vendor\\laravel\\framework\\src\\Illuminate\\Database\\Connection.php(454): Illuminate\\Database\\Connection->statement('insert into `ar...', Array)
#3 C:\\Users\\Infomedia\\Desktop\\pero\\alpaka-news\\vendor\\laravel\\framework\\src\\Illuminate\\Database\\Query\\Processors\\Processor.php(32): Illuminate\\Database\\Connection->insert('insert into `ar...', Array)
#4 C:\\Users\\Infomedia\\Desktop\\pero\\alpaka-news\\vendor\\laravel\\framework\\src\\Illuminate\\Database\\Query\\Builder.php(3028): Illuminate\\Database\\Query\\Processors\\Processor->processInsertGetId(Object(Illuminate\\Database\\Query\\Builder), 'insert into `ar...', Array, 'id')
#5 C:\\Users\\Infomedia\\Desktop\\pero\\alpaka-news\\vendor\\laravel\\framework\\src\\Illuminate\\Database\\Eloquent\\Builder.php(1657): Illuminate\\Database\\Query\\Builder->insertGetId(Array, 'id')
#6 C:\\Users\\Infomedia\\Desktop\\pero\\alpaka-news\\vendor\\laravel\\framework\\src\\Illuminate\\Database\\Eloquent\\Model.php(1188): Illuminate\\Database\\Eloquent\\Builder->__call('insertGetId', Array)
#7 C:\\Users\\Infomedia\\Desktop\\pero\\alpaka-news\\vendor\\laravel\\framework\\src\\Illuminate\\Database\\Eloquent\\Model.php(1153): Illuminate\\Database\\Eloquent\\Model->insertAndSetId(Object(Illuminate\\Database\\Eloquent\\Builder), Array)
#8 C:\\Users\\Infomedia\\Desktop\\pero\\alpaka-news\\vendor\\laravel\\framework\\src\\Illuminate\\Database\\Eloquent\\Model.php(994): Illuminate\\Database\\Eloquent\\Model->performInsert(Object(Illuminate\\Database\\Eloquent\\Builder))
#9 C:\\Users\\Infomedia\\Desktop\\pero\\alpaka-news\\vendor\\laravel\\framework\\src\\Illuminate\\Database\\Eloquent\\Builder.php(896): Illuminate\\Database\\Eloquent\\Model->save()
#10 C:\\Users\\Infomedia\\Desktop\\pero\\alpaka-news\\vendor\\laravel\\framework\\src\\Illuminate\\Support\\helpers.php(263): Illuminate\\Database\\Eloquent\\Builder->Illuminate\\Database\\Eloquent\\{closure}(Object(App\\Models\\Article))
#11 C:\\Users\\Infomedia\\Desktop\\pero\\alpaka-news\\vendor\\laravel\\framework\\src\\Illuminate\\Database\\Eloquent\\Builder.php(897): tap(Object(App\\Models\\Article), Object(Closure))
#12 C:\\Users\\Infomedia\\Desktop\\pero\\alpaka-news\\vendor\\laravel\\framework\\src\\Illuminate\\Support\\Traits\\ForwardsCalls.php(23): Illuminate\\Database\\Eloquent\\Builder->create(Array)
#13 C:\\Users\\Infomedia\\Desktop\\pero\\alpaka-news\\vendor\\laravel\\framework\\src\\Illuminate\\Database\\Eloquent\\Model.php(2132): Illuminate\\Database\\Eloquent\\Model->forwardCallTo(Object(Illuminate\\Database\\Eloquent\\Builder), 'create', Array)
#14 C:\\Users\\Infomedia\\Desktop\\pero\\alpaka-news\\app\\Scrapers\\Scraper.php(103): Illuminate\\Database\\Eloquent\\Model->__call('create', Array)
#15 C:\\Users\\Infomedia\\Desktop\\pero\\alpaka-news\\vendor\\symfony\\dom-crawler\\Crawler.php(358): App\\Scrapers\\Scraper->App\\Scrapers\\{closure}(Object(Symfony\\Component\\DomCrawler\\Crawler), 0)
#16 C:\\Users\\Infomedia\\Desktop\\pero\\alpaka-news\\app\\Scrapers\\Scraper.php(106): Symfony\\Component\\DomCrawler\\Crawler->each(Object(Closure))
#17 C:\\Users\\Infomedia\\Desktop\\pero\\alpaka-news\\app\\Console\\Commands\\GetArticles.php(44): App\\Scrapers\\Scraper->scrape(Object(App\\Models\\Source))
#18 C:\\Users\\Infomedia\\Desktop\\pero\\alpaka-news\\vendor\\laravel\\framework\\src\\Illuminate\\Container\\BoundMethod.php(36): App\\Console\\Commands\\GetArticles->handle()
#19 C:\\Users\\Infomedia\\Desktop\\pero\\alpaka-news\\vendor\\laravel\\framework\\src\\Illuminate\\Container\\Util.php(40): Illuminate\\Container\\BoundMethod::Illuminate\\Container\\{closure}()
#20 C:\\Users\\Infomedia\\Desktop\\pero\\alpaka-news\\vendor\\laravel\\framework\\src\\Illuminate\\Container\\BoundMethod.php(93): Illuminate\\Container\\Util::unwrapIfClosure(Object(Closure))
#21 C:\\Users\\Infomedia\\Desktop\\pero\\alpaka-news\\vendor\\laravel\\framework\\src\\Illuminate\\Container\\BoundMethod.php(37): Illuminate\\Container\\BoundMethod::callBoundMethod(Object(Illuminate\\Foundation\\Application), Array, Object(Closure))
#22 C:\\Users\\Infomedia\\Desktop\\pero\\alpaka-news\\vendor\\laravel\\framework\\src\\Illuminate\\Container\\Container.php(653): Illuminate\\Container\\BoundMethod::call(Object(Illuminate\\Foundation\\Application), Array, Array, NULL)
#23 C:\\Users\\Infomedia\\Desktop\\pero\\alpaka-news\\vendor\\laravel\\framework\\src\\Illuminate\\Console\\Command.php(136): Illuminate\\Container\\Container->call(Array)
#24 C:\\Users\\Infomedia\\Desktop\\pero\\alpaka-news\\vendor\\symfony\\console\\Command\\Command.php(298): Illuminate\\Console\\Command->execute(Object(Symfony\\Component\\Console\\Input\\ArrayInput), Object(Illuminate\\Console\\OutputStyle))
#25 C:\\Users\\Infomedia\\Desktop\\pero\\alpaka-news\\vendor\\laravel\\framework\\src\\Illuminate\\Console\\Command.php(121): Symfony\\Component\\Console\\Command\\Command->run(Object(Symfony\\Component\\Console\\Input\\ArrayInput), Object(Illuminate\\Console\\OutputStyle))
#26 C:\\Users\\Infomedia\\Desktop\\pero\\alpaka-news\\vendor\\symfony\\console\\Application.php(1040): Illuminate\\Console\\Command->run(Object(Symfony\\Component\\Console\\Input\\ArrayInput), Object(Symfony\\Component\\Console\\Output\\BufferedOutput))
#27 C:\\Users\\Infomedia\\Desktop\\pero\\alpaka-news\\vendor\\symfony\\console\\Application.php(301): Symfony\\Component\\Console\\Application->doRunCommand(Object(App\\Console\\Commands\\GetArticles), Object(Symfony\\Component\\Console\\Input\\ArrayInput), Object(Symfony\\Component\\Console\\Output\\BufferedOutput))
#28 C:\\Users\\Infomedia\\Desktop\\pero\\alpaka-news\\vendor\\symfony\\console\\Application.php(171): Symfony\\Component\\Console\\Application->doRun(Object(Symfony\\Component\\Console\\Input\\ArrayInput), Object(Symfony\\Component\\Console\\Output\\BufferedOutput))
#29 C:\\Users\\Infomedia\\Desktop\\pero\\alpaka-news\\vendor\\laravel\\framework\\src\\Illuminate\\Console\\Application.php(94): Symfony\\Component\\Console\\Application->run(Object(Symfony\\Component\\Console\\Input\\ArrayInput), Object(Symfony\\Component\\Console\\Output\\BufferedOutput))
#30 C:\\Users\\Infomedia\\Desktop\\pero\\alpaka-news\\vendor\\laravel\\framework\\src\\Illuminate\\Console\\Application.php(186): Illuminate\\Console\\Application->run(Object(Symfony\\Component\\Console\\Input\\ArrayInput), Object(Symfony\\Component\\Console\\Output\\BufferedOutput))
#31 C:\\Users\\Infomedia\\Desktop\\pero\\alpaka-news\\vendor\\laravel\\framework\\src\\Illuminate\\Foundation\\Console\\Kernel.php(263): Illuminate\\Console\\Application->call('articles:get', Array, NULL)
#32 C:\\Users\\Infomedia\\Desktop\\pero\\alpaka-news\\vendor\\laravel\\framework\\src\\Illuminate\\Support\\Facades\\Facade.php(261): Illuminate\\Foundation\\Console\\Kernel->call('articles:get', Array)
#33 C:\\Users\\Infomedia\\Desktop\\pero\\alpaka-news\\app\\Console\\Commands\\GetAllArticles.php(47): Illuminate\\Support\\Facades\\Facade::__callStatic('call', Array)
#34 C:\\Users\\Infomedia\\Desktop\\pero\\alpaka-news\\vendor\\laravel\\framework\\src\\Illuminate\\Container\\BoundMethod.php(36): App\\Console\\Commands\\GetAllArticles->handle()
#35 C:\\Users\\Infomedia\\Desktop\\pero\\alpaka-news\\vendor\\laravel\\framework\\src\\Illuminate\\Container\\Util.php(40): Illuminate\\Container\\BoundMethod::Illuminate\\Container\\{closure}()
#36 C:\\Users\\Infomedia\\Desktop\\pero\\alpaka-news\\vendor\\laravel\\framework\\src\\Illuminate\\Container\\BoundMethod.php(93): Illuminate\\Container\\Util::unwrapIfClosure(Object(Closure))
#37 C:\\Users\\Infomedia\\Desktop\\pero\\alpaka-news\\vendor\\laravel\\framework\\src\\Illuminate\\Container\\BoundMethod.php(37): Illuminate\\Container\\BoundMethod::callBoundMethod(Object(Illuminate\\Foundation\\Application), Array, Object(Closure))
#38 C:\\Users\\Infomedia\\Desktop\\pero\\alpaka-news\\vendor\\laravel\\framework\\src\\Illuminate\\Container\\Container.php(653): Illuminate\\Container\\BoundMethod::call(Object(Illuminate\\Foundation\\Application), Array, Array, NULL)
#39 C:\\Users\\Infomedia\\Desktop\\pero\\alpaka-news\\vendor\\laravel\\framework\\src\\Illuminate\\Console\\Command.php(136): Illuminate\\Container\\Container->call(Array)
#40 C:\\Users\\Infomedia\\Desktop\\pero\\alpaka-news\\vendor\\symfony\\console\\Command\\Command.php(298): Illuminate\\Console\\Command->execute(Object(Symfony\\Component\\Console\\Input\\ArgvInput), Object(Illuminate\\Console\\OutputStyle))
#41 C:\\Users\\Infomedia\\Desktop\\pero\\alpaka-news\\vendor\\laravel\\framework\\src\\Illuminate\\Console\\Command.php(121): Symfony\\Component\\Console\\Command\\Command->run(Object(Symfony\\Component\\Console\\Input\\ArgvInput), Object(Illuminate\\Console\\OutputStyle))
#42 C:\\Users\\Infomedia\\Desktop\\pero\\alpaka-news\\vendor\\symfony\\console\\Application.php(1040): Illuminate\\Console\\Command->run(Object(Symfony\\Component\\Console\\Input\\ArgvInput), Object(Symfony\\Component\\Console\\Output\\ConsoleOutput))
#43 C:\\Users\\Infomedia\\Desktop\\pero\\alpaka-news\\vendor\\symfony\\console\\Application.php(301): Symfony\\Component\\Console\\Application->doRunCommand(Object(App\\Console\\Commands\\GetAllArticles), Object(Symfony\\Component\\Console\\Input\\ArgvInput), Object(Symfony\\Component\\Console\\Output\\ConsoleOutput))
#44 C:\\Users\\Infomedia\\Desktop\\pero\\alpaka-news\\vendor\\symfony\\console\\Application.php(171): Symfony\\Component\\Console\\Application->doRun(Object(Symfony\\Component\\Console\\Input\\ArgvInput), Object(Symfony\\Component\\Console\\Output\\ConsoleOutput))
#45 C:\\Users\\Infomedia\\Desktop\\pero\\alpaka-news\\vendor\\laravel\\framework\\src\\Illuminate\\Console\\Application.php(94): Symfony\\Component\\Console\\Application->run(Object(Symfony\\Component\\Console\\Input\\ArgvInput), Object(Symfony\\Component\\Console\\Output\\ConsoleOutput))
#46 C:\\Users\\Infomedia\\Desktop\\pero\\alpaka-news\\vendor\\laravel\\framework\\src\\Illuminate\\Foundation\\Console\\Kernel.php(129): Illuminate\\Console\\Application->run(Object(Symfony\\Component\\Console\\Input\\ArgvInput), Object(Symfony\\Component\\Console\\Output\\ConsoleOutput))
#47 C:\\Users\\Infomedia\\Desktop\\pero\\alpaka-news\\artisan(37): Illuminate\\Foundation\\Console\\Kernel->handle(Object(Symfony\\Component\\Console\\Input\\ArgvInput), Object(Symfony\\Component\\Console\\Output\\ConsoleOutput))
#48 {main}

[previous exception] [object] (PDOException(code: 22001): SQLSTATE[22001]: String data, right truncated: 1406 Data too long for column 'title' at row 1 at C:\\Users\\Infomedia\\Desktop\\pero\\alpaka-news\\vendor\\laravel\\framework\\src\\Illuminate\\Database\\Connection.php:501)
[stacktrace]
#0 C:\\Users\\Infomedia\\Desktop\\pero\\alpaka-news\\vendor\\laravel\\framework\\src\\Illuminate\\Database\\Connection.php(501): PDOStatement->execute()
#1 C:\\Users\\Infomedia\\Desktop\\pero\\alpaka-news\\vendor\\laravel\\framework\\src\\Illuminate\\Database\\Connection.php(705): Illuminate\\Database\\Connection->Illuminate\\Database\\{closure}('insert into `ar...', Array)
#2 C:\\Users\\Infomedia\\Desktop\\pero\\alpaka-news\\vendor\\laravel\\framework\\src\\Illuminate\\Database\\Connection.php(672): Illuminate\\Database\\Connection->runQueryCallback('insert into `ar...', Array, Object(Closure))
#3 C:\\Users\\Infomedia\\Desktop\\pero\\alpaka-news\\vendor\\laravel\\framework\\src\\Illuminate\\Database\\Connection.php(502): Illuminate\\Database\\Connection->run('insert into `ar...', Array, Object(Closure))
#4 C:\\Users\\Infomedia\\Desktop\\pero\\alpaka-news\\vendor\\laravel\\framework\\src\\Illuminate\\Database\\Connection.php(454): Illuminate\\Database\\Connection->statement('insert into `ar...', Array)
#5 C:\\Users\\Infomedia\\Desktop\\pero\\alpaka-news\\vendor\\laravel\\framework\\src\\Illuminate\\Database\\Query\\Processors\\Processor.php(32): Illuminate\\Database\\Connection->insert('insert into `ar...', Array)
#6 C:\\Users\\Infomedia\\Desktop\\pero\\alpaka-news\\vendor\\laravel\\framework\\src\\Illuminate\\Database\\Query\\Builder.php(3028): Illuminate\\Database\\Query\\Processors\\Processor->processInsertGetId(Object(Illuminate\\Database\\Query\\Builder), 'insert into `ar...', Array, 'id')
#7 C:\\Users\\Infomedia\\Desktop\\pero\\alpaka-news\\vendor\\laravel\\framework\\src\\Illuminate\\Database\\Eloquent\\Builder.php(1657): Illuminate\\Database\\Query\\Builder->insertGetId(Array, 'id')
#8 C:\\Users\\Infomedia\\Desktop\\pero\\alpaka-news\\vendor\\laravel\\framework\\src\\Illuminate\\Database\\Eloquent\\Model.php(1188): Illuminate\\Database\\Eloquent\\Builder->__call('insertGetId', Array)
#9 C:\\Users\\Infomedia\\Desktop\\pero\\alpaka-news\\vendor\\laravel\\framework\\src\\Illuminate\\Database\\Eloquent\\Model.php(1153): Illuminate\\Database\\Eloquent\\Model->insertAndSetId(Object(Illuminate\\Database\\Eloquent\\Builder), Array)
#10 C:\\Users\\Infomedia\\Desktop\\pero\\alpaka-news\\vendor\\laravel\\framework\\src\\Illuminate\\Database\\Eloquent\\Model.php(994): Illuminate\\Database\\Eloquent\\Model->performInsert(Object(Illuminate\\Database\\Eloquent\\Builder))
#11 C:\\Users\\Infomedia\\Desktop\\pero\\alpaka-news\\vendor\\laravel\\framework\\src\\Illuminate\\Database\\Eloquent\\Builder.php(896): Illuminate\\Database\\Eloquent\\Model->save()
#12 C:\\Users\\Infomedia\\Desktop\\pero\\alpaka-news\\vendor\\laravel\\framework\\src\\Illuminate\\Support\\helpers.php(263): Illuminate\\Database\\Eloquent\\Builder->Illuminate\\Database\\Eloquent\\{closure}(Object(App\\Models\\Article))
#13 C:\\Users\\Infomedia\\Desktop\\pero\\alpaka-news\\vendor\\laravel\\framework\\src\\Illuminate\\Database\\Eloquent\\Builder.php(897): tap(Object(App\\Models\\Article), Object(Closure))
#14 C:\\Users\\Infomedia\\Desktop\\pero\\alpaka-news\\vendor\\laravel\\framework\\src\\Illuminate\\Support\\Traits\\ForwardsCalls.php(23): Illuminate\\Database\\Eloquent\\Builder->create(Array)
#15 C:\\Users\\Infomedia\\Desktop\\pero\\alpaka-news\\vendor\\laravel\\framework\\src\\Illuminate\\Database\\Eloquent\\Model.php(2132): Illuminate\\Database\\Eloquent\\Model->forwardCallTo(Object(Illuminate\\Database\\Eloquent\\Builder), 'create', Array)
#16 C:\\Users\\Infomedia\\Desktop\\pero\\alpaka-news\\app\\Scrapers\\Scraper.php(103): Illuminate\\Database\\Eloquent\\Model->__call('create', Array)
#17 C:\\Users\\Infomedia\\Desktop\\pero\\alpaka-news\\vendor\\symfony\\dom-crawler\\Crawler.php(358): App\\Scrapers\\Scraper->App\\Scrapers\\{closure}(Object(Symfony\\Component\\DomCrawler\\Crawler), 0)
#18 C:\\Users\\Infomedia\\Desktop\\pero\\alpaka-news\\app\\Scrapers\\Scraper.php(106): Symfony\\Component\\DomCrawler\\Crawler->each(Object(Closure))
#19 C:\\Users\\Infomedia\\Desktop\\pero\\alpaka-news\\app\\Console\\Commands\\GetArticles.php(44): App\\Scrapers\\Scraper->scrape(Object(App\\Models\\Source))
#20 C:\\Users\\Infomedia\\Desktop\\pero\\alpaka-news\\vendor\\laravel\\framework\\src\\Illuminate\\Container\\BoundMethod.php(36): App\\Console\\Commands\\GetArticles->handle()
#21 C:\\Users\\Infomedia\\Desktop\\pero\\alpaka-news\\vendor\\laravel\\framework\\src\\Illuminate\\Container\\Util.php(40): Illuminate\\Container\\BoundMethod::Illuminate\\Container\\{closure}()
#22 C:\\Users\\Infomedia\\Desktop\\pero\\alpaka-news\\vendor\\laravel\\framework\\src\\Illuminate\\Container\\BoundMethod.php(93): Illuminate\\Container\\Util::unwrapIfClosure(Object(Closure))
#23 C:\\Users\\Infomedia\\Desktop\\pero\\alpaka-news\\vendor\\laravel\\framework\\src\\Illuminate\\Container\\BoundMethod.php(37): Illuminate\\Container\\BoundMethod::callBoundMethod(Object(Illuminate\\Foundation\\Application), Array, Object(Closure))
#24 C:\\Users\\Infomedia\\Desktop\\pero\\alpaka-news\\vendor\\laravel\\framework\\src\\Illuminate\\Container\\Container.php(653): Illuminate\\Container\\BoundMethod::call(Object(Illuminate\\Foundation\\Application), Array, Array, NULL)
#25 C:\\Users\\Infomedia\\Desktop\\pero\\alpaka-news\\vendor\\laravel\\framework\\src\\Illuminate\\Console\\Command.php(136): Illuminate\\Container\\Container->call(Array)
#26 C:\\Users\\Infomedia\\Desktop\\pero\\alpaka-news\\vendor\\symfony\\console\\Command\\Command.php(298): Illuminate\\Console\\Command->execute(Object(Symfony\\Component\\Console\\Input\\ArrayInput), Object(Illuminate\\Console\\OutputStyle))
#27 C:\\Users\\Infomedia\\Desktop\\pero\\alpaka-news\\vendor\\laravel\\framework\\src\\Illuminate\\Console\\Command.php(121): Symfony\\Component\\Console\\Command\\Command->run(Object(Symfony\\Component\\Console\\Input\\ArrayInput), Object(Illuminate\\Console\\OutputStyle))
#28 C:\\Users\\Infomedia\\Desktop\\pero\\alpaka-news\\vendor\\symfony\\console\\Application.php(1040): Illuminate\\Console\\Command->run(Object(Symfony\\Component\\Console\\Input\\ArrayInput), Object(Symfony\\Component\\Console\\Output\\BufferedOutput))
#29 C:\\Users\\Infomedia\\Desktop\\pero\\alpaka-news\\vendor\\symfony\\console\\Application.php(301): Symfony\\Component\\Console\\Application->doRunCommand(Object(App\\Console\\Commands\\GetArticles), Object(Symfony\\Component\\Console\\Input\\ArrayInput), Object(Symfony\\Component\\Console\\Output\\BufferedOutput))
#30 C:\\Users\\Infomedia\\Desktop\\pero\\alpaka-news\\vendor\\symfony\\console\\Application.php(171): Symfony\\Component\\Console\\Application->doRun(Object(Symfony\\Component\\Console\\Input\\ArrayInput), Object(Symfony\\Component\\Console\\Output\\BufferedOutput))
#31 C:\\Users\\Infomedia\\Desktop\\pero\\alpaka-news\\vendor\\laravel\\framework\\src\\Illuminate\\Console\\Application.php(94): Symfony\\Component\\Console\\Application->run(Object(Symfony\\Component\\Console\\Input\\ArrayInput), Object(Symfony\\Component\\Console\\Output\\BufferedOutput))
#32 C:\\Users\\Infomedia\\Desktop\\pero\\alpaka-news\\vendor\\laravel\\framework\\src\\Illuminate\\Console\\Application.php(186): Illuminate\\Console\\Application->run(Object(Symfony\\Component\\Console\\Input\\ArrayInput), Object(Symfony\\Component\\Console\\Output\\BufferedOutput))
#33 C:\\Users\\Infomedia\\Desktop\\pero\\alpaka-news\\vendor\\laravel\\framework\\src\\Illuminate\\Foundation\\Console\\Kernel.php(263): Illuminate\\Console\\Application->call('articles:get', Array, NULL)
#34 C:\\Users\\Infomedia\\Desktop\\pero\\alpaka-news\\vendor\\laravel\\framework\\src\\Illuminate\\Support\\Facades\\Facade.php(261): Illuminate\\Foundation\\Console\\Kernel->call('articles:get', Array)
#35 C:\\Users\\Infomedia\\Desktop\\pero\\alpaka-news\\app\\Console\\Commands\\GetAllArticles.php(47): Illuminate\\Support\\Facades\\Facade::__callStatic('call', Array)
#36 C:\\Users\\Infomedia\\Desktop\\pero\\alpaka-news\\vendor\\laravel\\framework\\src\\Illuminate\\Container\\BoundMethod.php(36): App\\Console\\Commands\\GetAllArticles->handle()
#37 C:\\Users\\Infomedia\\Desktop\\pero\\alpaka-news\\vendor\\laravel\\framework\\src\\Illuminate\\Container\\Util.php(40): Illuminate\\Container\\BoundMethod::Illuminate\\Container\\{closure}()
#38 C:\\Users\\Infomedia\\Desktop\\pero\\alpaka-news\\vendor\\laravel\\framework\\src\\Illuminate\\Container\\BoundMethod.php(93): Illuminate\\Container\\Util::unwrapIfClosure(Object(Closure))
#39 C:\\Users\\Infomedia\\Desktop\\pero\\alpaka-news\\vendor\\laravel\\framework\\src\\Illuminate\\Container\\BoundMethod.php(37): Illuminate\\Container\\BoundMethod::callBoundMethod(Object(Illuminate\\Foundation\\Application), Array, Object(Closure))
#40 C:\\Users\\Infomedia\\Desktop\\pero\\alpaka-news\\vendor\\laravel\\framework\\src\\Illuminate\\Container\\Container.php(653): Illuminate\\Container\\BoundMethod::call(Object(Illuminate\\Foundation\\Application), Array, Array, NULL)
#41 C:\\Users\\Infomedia\\Desktop\\pero\\alpaka-news\\vendor\\laravel\\framework\\src\\Illuminate\\Console\\Command.php(136): Illuminate\\Container\\Container->call(Array)
#42 C:\\Users\\Infomedia\\Desktop\\pero\\alpaka-news\\vendor\\symfony\\console\\Command\\Command.php(298): Illuminate\\Console\\Command->execute(Object(Symfony\\Component\\Console\\Input\\ArgvInput), Object(Illuminate\\Console\\OutputStyle))
#43 C:\\Users\\Infomedia\\Desktop\\pero\\alpaka-news\\vendor\\laravel\\framework\\src\\Illuminate\\Console\\Command.php(121): Symfony\\Component\\Console\\Command\\Command->run(Object(Symfony\\Component\\Console\\Input\\ArgvInput), Object(Illuminate\\Console\\OutputStyle))
#44 C:\\Users\\Infomedia\\Desktop\\pero\\alpaka-news\\vendor\\symfony\\console\\Application.php(1040): Illuminate\\Console\\Command->run(Object(Symfony\\Component\\Console\\Input\\ArgvInput), Object(Symfony\\Component\\Console\\Output\\ConsoleOutput))
#45 C:\\Users\\Infomedia\\Desktop\\pero\\alpaka-news\\vendor\\symfony\\console\\Application.php(301): Symfony\\Component\\Console\\Application->doRunCommand(Object(App\\Console\\Commands\\GetAllArticles), Object(Symfony\\Component\\Console\\Input\\ArgvInput), Object(Symfony\\Component\\Console\\Output\\ConsoleOutput))
#46 C:\\Users\\Infomedia\\Desktop\\pero\\alpaka-news\\vendor\\symfony\\console\\Application.php(171): Symfony\\Component\\Console\\Application->doRun(Object(Symfony\\Component\\Console\\Input\\ArgvInput), Object(Symfony\\Component\\Console\\Output\\ConsoleOutput))
#47 C:\\Users\\Infomedia\\Desktop\\pero\\alpaka-news\\vendor\\laravel\\framework\\src\\Illuminate\\Console\\Application.php(94): Symfony\\Component\\Console\\Application->run(Object(Symfony\\Component\\Console\\Input\\ArgvInput), Object(Symfony\\Component\\Console\\Output\\ConsoleOutput))
#48 C:\\Users\\Infomedia\\Desktop\\pero\\alpaka-news\\vendor\\laravel\\framework\\src\\Illuminate\\Foundation\\Console\\Kernel.php(129): Illuminate\\Console\\Application->run(Object(Symfony\\Component\\Console\\Input\\ArgvInput), Object(Symfony\\Component\\Console\\Output\\ConsoleOutput))
#49 C:\\Users\\Infomedia\\Desktop\\pero\\alpaka-news\\artisan(37): Illuminate\\Foundation\\Console\\Kernel->handle(Object(Symfony\\Component\\Console\\Input\\ArgvInput), Object(Symfony\\Component\\Console\\Output\\ConsoleOutput))
#50 {main}
"} 
[2023-01-03 11:36:25] local.ERROR: SQLSTATE[22007]: Invalid datetime format: 1292 Incorrect datetime value: 'eyJpdiI6IjV6OWxNVHdrUnNBZXo1bTIyU0Nna0E9PSIsInZhbHVlIjoicDByZ2I1YXVDb1pBSjd3M3BjWXVPamhVelNRaEhSZzZaZUlUem5xTGtkUT0iLCJtYWMiOiIw' for column 'created_at' at row 1 (SQL: insert into `articles` (`title`, `image_url`, `link`, `source_id`, `slug`, `updated_at`, `created_at`) values (Srpska nastavila preuzimanje Comsarovih propalih projekata, http://localhost:8000/storage/63b413398fc59.jpg, https://www.rtvbn.com/4037275/srpska-nastavila-preuzimanje-comsarovih-propalih-projekata, 1, srpska-nastavila-preuzimanje-comsarovih-propalih-projekata, 2023-01-03 11:36:25, eyJpdiI6IjV6OWxNVHdrUnNBZXo1bTIyU0Nna0E9PSIsInZhbHVlIjoicDByZ2I1YXVDb1pBSjd3M3BjWXVPamhVelNRaEhSZzZaZUlUem5xTGtkUT0iLCJtYWMiOiIwYjllMDk1MGFkYjcwNDY1NWQ4MzZiYTU4OTUyYWYyY2Q0NDM1Y2JjMWRjOGI0Y2Y0M2JmYTljNzYzYTdkNzVjIiwidGFnIjoiIn0=)) {"exception":"[object] (Illuminate\\Database\\QueryException(code: 22007): SQLSTATE[22007]: Invalid datetime format: 1292 Incorrect datetime value: 'eyJpdiI6IjV6OWxNVHdrUnNBZXo1bTIyU0Nna0E9PSIsInZhbHVlIjoicDByZ2I1YXVDb1pBSjd3M3BjWXVPamhVelNRaEhSZzZaZUlUem5xTGtkUT0iLCJtYWMiOiIw' for column 'created_at' at row 1 (SQL: insert into `articles` (`title`, `image_url`, `link`, `source_id`, `slug`, `updated_at`, `created_at`) values (Srpska nastavila preuzimanje Comsarovih propalih projekata, http://localhost:8000/storage/63b413398fc59.jpg, https://www.rtvbn.com/4037275/srpska-nastavila-preuzimanje-comsarovih-propalih-projekata, 1, srpska-nastavila-preuzimanje-comsarovih-propalih-projekata, 2023-01-03 11:36:25, eyJpdiI6IjV6OWxNVHdrUnNBZXo1bTIyU0Nna0E9PSIsInZhbHVlIjoicDByZ2I1YXVDb1pBSjd3M3BjWXVPamhVelNRaEhSZzZaZUlUem5xTGtkUT0iLCJtYWMiOiIwYjllMDk1MGFkYjcwNDY1NWQ4MzZiYTU4OTUyYWYyY2Q0NDM1Y2JjMWRjOGI0Y2Y0M2JmYTljNzYzYTdkNzVjIiwidGFnIjoiIn0=)) at C:\\Users\\Infomedia\\Desktop\\pero\\alpaka-news\\vendor\\laravel\\framework\\src\\Illuminate\\Database\\Connection.php:712)
[stacktrace]
#0 C:\\Users\\Infomedia\\Desktop\\pero\\alpaka-news\\vendor\\laravel\\framework\\src\\Illuminate\\Database\\Connection.php(672): Illuminate\\Database\\Connection->runQueryCallback('insert into `ar...', Array, Object(Closure))
#1 C:\\Users\\Infomedia\\Desktop\\pero\\alpaka-news\\vendor\\laravel\\framework\\src\\Illuminate\\Database\\Connection.php(502): Illuminate\\Database\\Connection->run('insert into `ar...', Array, Object(Closure))
#2 C:\\Users\\Infomedia\\Desktop\\pero\\alpaka-news\\vendor\\laravel\\framework\\src\\Illuminate\\Database\\Connection.php(454): Illuminate\\Database\\Connection->statement('insert into `ar...', Array)
#3 C:\\Users\\Infomedia\\Desktop\\pero\\alpaka-news\\vendor\\laravel\\framework\\src\\Illuminate\\Database\\Query\\Processors\\Processor.php(32): Illuminate\\Database\\Connection->insert('insert into `ar...', Array)
#4 C:\\Users\\Infomedia\\Desktop\\pero\\alpaka-news\\vendor\\laravel\\framework\\src\\Illuminate\\Database\\Query\\Builder.php(3028): Illuminate\\Database\\Query\\Processors\\Processor->processInsertGetId(Object(Illuminate\\Database\\Query\\Builder), 'insert into `ar...', Array, 'id')
#5 C:\\Users\\Infomedia\\Desktop\\pero\\alpaka-news\\vendor\\laravel\\framework\\src\\Illuminate\\Database\\Eloquent\\Builder.php(1657): Illuminate\\Database\\Query\\Builder->insertGetId(Array, 'id')
#6 C:\\Users\\Infomedia\\Desktop\\pero\\alpaka-news\\vendor\\laravel\\framework\\src\\Illuminate\\Database\\Eloquent\\Model.php(1188): Illuminate\\Database\\Eloquent\\Builder->__call('insertGetId', Array)
#7 C:\\Users\\Infomedia\\Desktop\\pero\\alpaka-news\\vendor\\laravel\\framework\\src\\Illuminate\\Database\\Eloquent\\Model.php(1153): Illuminate\\Database\\Eloquent\\Model->insertAndSetId(Object(Illuminate\\Database\\Eloquent\\Builder), Array)
#8 C:\\Users\\Infomedia\\Desktop\\pero\\alpaka-news\\vendor\\laravel\\framework\\src\\Illuminate\\Database\\Eloquent\\Model.php(994): Illuminate\\Database\\Eloquent\\Model->performInsert(Object(Illuminate\\Database\\Eloquent\\Builder))
#9 C:\\Users\\Infomedia\\Desktop\\pero\\alpaka-news\\vendor\\laravel\\framework\\src\\Illuminate\\Database\\Eloquent\\Builder.php(896): Illuminate\\Database\\Eloquent\\Model->save()
#10 C:\\Users\\Infomedia\\Desktop\\pero\\alpaka-news\\vendor\\laravel\\framework\\src\\Illuminate\\Support\\helpers.php(263): Illuminate\\Database\\Eloquent\\Builder->Illuminate\\Database\\Eloquent\\{closure}(Object(App\\Models\\Article))
#11 C:\\Users\\Infomedia\\Desktop\\pero\\alpaka-news\\vendor\\laravel\\framework\\src\\Illuminate\\Database\\Eloquent\\Builder.php(897): tap(Object(App\\Models\\Article), Object(Closure))
#12 C:\\Users\\Infomedia\\Desktop\\pero\\alpaka-news\\vendor\\laravel\\framework\\src\\Illuminate\\Support\\Traits\\ForwardsCalls.php(23): Illuminate\\Database\\Eloquent\\Builder->create(Array)
#13 C:\\Users\\Infomedia\\Desktop\\pero\\alpaka-news\\vendor\\laravel\\framework\\src\\Illuminate\\Database\\Eloquent\\Model.php(2132): Illuminate\\Database\\Eloquent\\Model->forwardCallTo(Object(Illuminate\\Database\\Eloquent\\Builder), 'create', Array)
#14 C:\\Users\\Infomedia\\Desktop\\pero\\alpaka-news\\app\\Scrapers\\Scraper.php(103): Illuminate\\Database\\Eloquent\\Model->__call('create', Array)
#15 C:\\Users\\Infomedia\\Desktop\\pero\\alpaka-news\\vendor\\symfony\\dom-crawler\\Crawler.php(358): App\\Scrapers\\Scraper->App\\Scrapers\\{closure}(Object(Symfony\\Component\\DomCrawler\\Crawler), 0)
#16 C:\\Users\\Infomedia\\Desktop\\pero\\alpaka-news\\app\\Scrapers\\Scraper.php(106): Symfony\\Component\\DomCrawler\\Crawler->each(Object(Closure))
#17 C:\\Users\\Infomedia\\Desktop\\pero\\alpaka-news\\app\\Console\\Commands\\GetArticles.php(44): App\\Scrapers\\Scraper->scrape(Object(App\\Models\\Source))
#18 C:\\Users\\Infomedia\\Desktop\\pero\\alpaka-news\\vendor\\laravel\\framework\\src\\Illuminate\\Container\\BoundMethod.php(36): App\\Console\\Commands\\GetArticles->handle()
#19 C:\\Users\\Infomedia\\Desktop\\pero\\alpaka-news\\vendor\\laravel\\framework\\src\\Illuminate\\Container\\Util.php(40): Illuminate\\Container\\BoundMethod::Illuminate\\Container\\{closure}()
#20 C:\\Users\\Infomedia\\Desktop\\pero\\alpaka-news\\vendor\\laravel\\framework\\src\\Illuminate\\Container\\BoundMethod.php(93): Illuminate\\Container\\Util::unwrapIfClosure(Object(Closure))
#21 C:\\Users\\Infomedia\\Desktop\\pero\\alpaka-news\\vendor\\laravel\\framework\\src\\Illuminate\\Container\\BoundMethod.php(37): Illuminate\\Container\\BoundMethod::callBoundMethod(Object(Illuminate\\Foundation\\Application), Array, Object(Closure))
#22 C:\\Users\\Infomedia\\Desktop\\pero\\alpaka-news\\vendor\\laravel\\framework\\src\\Illuminate\\Container\\Container.php(653): Illuminate\\Container\\BoundMethod::call(Object(Illuminate\\Foundation\\Application), Array, Array, NULL)
#23 C:\\Users\\Infomedia\\Desktop\\pero\\alpaka-news\\vendor\\laravel\\framework\\src\\Illuminate\\Console\\Command.php(136): Illuminate\\Container\\Container->call(Array)
#24 C:\\Users\\Infomedia\\Desktop\\pero\\alpaka-news\\vendor\\symfony\\console\\Command\\Command.php(298): Illuminate\\Console\\Command->execute(Object(Symfony\\Component\\Console\\Input\\ArrayInput), Object(Illuminate\\Console\\OutputStyle))
#25 C:\\Users\\Infomedia\\Desktop\\pero\\alpaka-news\\vendor\\laravel\\framework\\src\\Illuminate\\Console\\Command.php(121): Symfony\\Component\\Console\\Command\\Command->run(Object(Symfony\\Component\\Console\\Input\\ArrayInput), Object(Illuminate\\Console\\OutputStyle))
#26 C:\\Users\\Infomedia\\Desktop\\pero\\alpaka-news\\vendor\\symfony\\console\\Application.php(1040): Illuminate\\Console\\Command->run(Object(Symfony\\Component\\Console\\Input\\ArrayInput), Object(Symfony\\Component\\Console\\Output\\BufferedOutput))
#27 C:\\Users\\Infomedia\\Desktop\\pero\\alpaka-news\\vendor\\symfony\\console\\Application.php(301): Symfony\\Component\\Console\\Application->doRunCommand(Object(App\\Console\\Commands\\GetArticles), Object(Symfony\\Component\\Console\\Input\\ArrayInput), Object(Symfony\\Component\\Console\\Output\\BufferedOutput))
#28 C:\\Users\\Infomedia\\Desktop\\pero\\alpaka-news\\vendor\\symfony\\console\\Application.php(171): Symfony\\Component\\Console\\Application->doRun(Object(Symfony\\Component\\Console\\Input\\ArrayInput), Object(Symfony\\Component\\Console\\Output\\BufferedOutput))
#29 C:\\Users\\Infomedia\\Desktop\\pero\\alpaka-news\\vendor\\laravel\\framework\\src\\Illuminate\\Console\\Application.php(94): Symfony\\Component\\Console\\Application->run(Object(Symfony\\Component\\Console\\Input\\ArrayInput), Object(Symfony\\Component\\Console\\Output\\BufferedOutput))
#30 C:\\Users\\Infomedia\\Desktop\\pero\\alpaka-news\\vendor\\laravel\\framework\\src\\Illuminate\\Console\\Application.php(186): Illuminate\\Console\\Application->run(Object(Symfony\\Component\\Console\\Input\\ArrayInput), Object(Symfony\\Component\\Console\\Output\\BufferedOutput))
#31 C:\\Users\\Infomedia\\Desktop\\pero\\alpaka-news\\vendor\\laravel\\framework\\src\\Illuminate\\Foundation\\Console\\Kernel.php(263): Illuminate\\Console\\Application->call('articles:get', Array, NULL)
#32 C:\\Users\\Infomedia\\Desktop\\pero\\alpaka-news\\vendor\\laravel\\framework\\src\\Illuminate\\Support\\Facades\\Facade.php(261): Illuminate\\Foundation\\Console\\Kernel->call('articles:get', Array)
#33 C:\\Users\\Infomedia\\Desktop\\pero\\alpaka-news\\app\\Console\\Commands\\GetAllArticles.php(47): Illuminate\\Support\\Facades\\Facade::__callStatic('call', Array)
#34 C:\\Users\\Infomedia\\Desktop\\pero\\alpaka-news\\vendor\\laravel\\framework\\src\\Illuminate\\Container\\BoundMethod.php(36): App\\Console\\Commands\\GetAllArticles->handle()
#35 C:\\Users\\Infomedia\\Desktop\\pero\\alpaka-news\\vendor\\laravel\\framework\\src\\Illuminate\\Container\\Util.php(40): Illuminate\\Container\\BoundMethod::Illuminate\\Container\\{closure}()
#36 C:\\Users\\Infomedia\\Desktop\\pero\\alpaka-news\\vendor\\laravel\\framework\\src\\Illuminate\\Container\\BoundMethod.php(93): Illuminate\\Container\\Util::unwrapIfClosure(Object(Closure))
#37 C:\\Users\\Infomedia\\Desktop\\pero\\alpaka-news\\vendor\\laravel\\framework\\src\\Illuminate\\Container\\BoundMethod.php(37): Illuminate\\Container\\BoundMethod::callBoundMethod(Object(Illuminate\\Foundation\\Application), Array, Object(Closure))
#38 C:\\Users\\Infomedia\\Desktop\\pero\\alpaka-news\\vendor\\laravel\\framework\\src\\Illuminate\\Container\\Container.php(653): Illuminate\\Container\\BoundMethod::call(Object(Illuminate\\Foundation\\Application), Array, Array, NULL)
#39 C:\\Users\\Infomedia\\Desktop\\pero\\alpaka-news\\vendor\\laravel\\framework\\src\\Illuminate\\Console\\Command.php(136): Illuminate\\Container\\Container->call(Array)
#40 C:\\Users\\Infomedia\\Desktop\\pero\\alpaka-news\\vendor\\symfony\\console\\Command\\Command.php(298): Illuminate\\Console\\Command->execute(Object(Symfony\\Component\\Console\\Input\\ArgvInput), Object(Illuminate\\Console\\OutputStyle))
#41 C:\\Users\\Infomedia\\Desktop\\pero\\alpaka-news\\vendor\\laravel\\framework\\src\\Illuminate\\Console\\Command.php(121): Symfony\\Component\\Console\\Command\\Command->run(Object(Symfony\\Component\\Console\\Input\\ArgvInput), Object(Illuminate\\Console\\OutputStyle))
#42 C:\\Users\\Infomedia\\Desktop\\pero\\alpaka-news\\vendor\\symfony\\console\\Application.php(1040): Illuminate\\Console\\Command->run(Object(Symfony\\Component\\Console\\Input\\ArgvInput), Object(Symfony\\Component\\Console\\Output\\ConsoleOutput))
#43 C:\\Users\\Infomedia\\Desktop\\pero\\alpaka-news\\vendor\\symfony\\console\\Application.php(301): Symfony\\Component\\Console\\Application->doRunCommand(Object(App\\Console\\Commands\\GetAllArticles), Object(Symfony\\Component\\Console\\Input\\ArgvInput), Object(Symfony\\Component\\Console\\Output\\ConsoleOutput))
#44 C:\\Users\\Infomedia\\Desktop\\pero\\alpaka-news\\vendor\\symfony\\console\\Application.php(171): Symfony\\Component\\Console\\Application->doRun(Object(Symfony\\Component\\Console\\Input\\ArgvInput), Object(Symfony\\Component\\Console\\Output\\ConsoleOutput))
#45 C:\\Users\\Infomedia\\Desktop\\pero\\alpaka-news\\vendor\\laravel\\framework\\src\\Illuminate\\Console\\Application.php(94): Symfony\\Component\\Console\\Application->run(Object(Symfony\\Component\\Console\\Input\\ArgvInput), Object(Symfony\\Component\\Console\\Output\\ConsoleOutput))
#46 C:\\Users\\Infomedia\\Desktop\\pero\\alpaka-news\\vendor\\laravel\\framework\\src\\Illuminate\\Foundation\\Console\\Kernel.php(129): Illuminate\\Console\\Application->run(Object(Symfony\\Component\\Console\\Input\\ArgvInput), Object(Symfony\\Component\\Console\\Output\\ConsoleOutput))
#47 C:\\Users\\Infomedia\\Desktop\\pero\\alpaka-news\\artisan(37): Illuminate\\Foundation\\Console\\Kernel->handle(Object(Symfony\\Component\\Console\\Input\\ArgvInput), Object(Symfony\\Component\\Console\\Output\\ConsoleOutput))
#48 {main}

[previous exception] [object] (PDOException(code: 22007): SQLSTATE[22007]: Invalid datetime format: 1292 Incorrect datetime value: 'eyJpdiI6IjV6OWxNVHdrUnNBZXo1bTIyU0Nna0E9PSIsInZhbHVlIjoicDByZ2I1YXVDb1pBSjd3M3BjWXVPamhVelNRaEhSZzZaZUlUem5xTGtkUT0iLCJtYWMiOiIw' for column 'created_at' at row 1 at C:\\Users\\Infomedia\\Desktop\\pero\\alpaka-news\\vendor\\laravel\\framework\\src\\Illuminate\\Database\\Connection.php:501)
[stacktrace]
#0 C:\\Users\\Infomedia\\Desktop\\pero\\alpaka-news\\vendor\\laravel\\framework\\src\\Illuminate\\Database\\Connection.php(501): PDOStatement->execute()
#1 C:\\Users\\Infomedia\\Desktop\\pero\\alpaka-news\\vendor\\laravel\\framework\\src\\Illuminate\\Database\\Connection.php(705): Illuminate\\Database\\Connection->Illuminate\\Database\\{closure}('insert into `ar...', Array)
#2 C:\\Users\\Infomedia\\Desktop\\pero\\alpaka-news\\vendor\\laravel\\framework\\src\\Illuminate\\Database\\Connection.php(672): Illuminate\\Database\\Connection->runQueryCallback('insert into `ar...', Array, Object(Closure))
#3 C:\\Users\\Infomedia\\Desktop\\pero\\alpaka-news\\vendor\\laravel\\framework\\src\\Illuminate\\Database\\Connection.php(502): Illuminate\\Database\\Connection->run('insert into `ar...', Array, Object(Closure))
#4 C:\\Users\\Infomedia\\Desktop\\pero\\alpaka-news\\vendor\\laravel\\framework\\src\\Illuminate\\Database\\Connection.php(454): Illuminate\\Database\\Connection->statement('insert into `ar...', Array)
#5 C:\\Users\\Infomedia\\Desktop\\pero\\alpaka-news\\vendor\\laravel\\framework\\src\\Illuminate\\Database\\Query\\Processors\\Processor.php(32): Illuminate\\Database\\Connection->insert('insert into `ar...', Array)
#6 C:\\Users\\Infomedia\\Desktop\\pero\\alpaka-news\\vendor\\laravel\\framework\\src\\Illuminate\\Database\\Query\\Builder.php(3028): Illuminate\\Database\\Query\\Processors\\Processor->processInsertGetId(Object(Illuminate\\Database\\Query\\Builder), 'insert into `ar...', Array, 'id')
#7 C:\\Users\\Infomedia\\Desktop\\pero\\alpaka-news\\vendor\\laravel\\framework\\src\\Illuminate\\Database\\Eloquent\\Builder.php(1657): Illuminate\\Database\\Query\\Builder->insertGetId(Array, 'id')
#8 C:\\Users\\Infomedia\\Desktop\\pero\\alpaka-news\\vendor\\laravel\\framework\\src\\Illuminate\\Database\\Eloquent\\Model.php(1188): Illuminate\\Database\\Eloquent\\Builder->__call('insertGetId', Array)
#9 C:\\Users\\Infomedia\\Desktop\\pero\\alpaka-news\\vendor\\laravel\\framework\\src\\Illuminate\\Database\\Eloquent\\Model.php(1153): Illuminate\\Database\\Eloquent\\Model->insertAndSetId(Object(Illuminate\\Database\\Eloquent\\Builder), Array)
#10 C:\\Users\\Infomedia\\Desktop\\pero\\alpaka-news\\vendor\\laravel\\framework\\src\\Illuminate\\Database\\Eloquent\\Model.php(994): Illuminate\\Database\\Eloquent\\Model->performInsert(Object(Illuminate\\Database\\Eloquent\\Builder))
#11 C:\\Users\\Infomedia\\Desktop\\pero\\alpaka-news\\vendor\\laravel\\framework\\src\\Illuminate\\Database\\Eloquent\\Builder.php(896): Illuminate\\Database\\Eloquent\\Model->save()
#12 C:\\Users\\Infomedia\\Desktop\\pero\\alpaka-news\\vendor\\laravel\\framework\\src\\Illuminate\\Support\\helpers.php(263): Illuminate\\Database\\Eloquent\\Builder->Illuminate\\Database\\Eloquent\\{closure}(Object(App\\Models\\Article))
#13 C:\\Users\\Infomedia\\Desktop\\pero\\alpaka-news\\vendor\\laravel\\framework\\src\\Illuminate\\Database\\Eloquent\\Builder.php(897): tap(Object(App\\Models\\Article), Object(Closure))
#14 C:\\Users\\Infomedia\\Desktop\\pero\\alpaka-news\\vendor\\laravel\\framework\\src\\Illuminate\\Support\\Traits\\ForwardsCalls.php(23): Illuminate\\Database\\Eloquent\\Builder->create(Array)
#15 C:\\Users\\Infomedia\\Desktop\\pero\\alpaka-news\\vendor\\laravel\\framework\\src\\Illuminate\\Database\\Eloquent\\Model.php(2132): Illuminate\\Database\\Eloquent\\Model->forwardCallTo(Object(Illuminate\\Database\\Eloquent\\Builder), 'create', Array)
#16 C:\\Users\\Infomedia\\Desktop\\pero\\alpaka-news\\app\\Scrapers\\Scraper.php(103): Illuminate\\Database\\Eloquent\\Model->__call('create', Array)
#17 C:\\Users\\Infomedia\\Desktop\\pero\\alpaka-news\\vendor\\symfony\\dom-crawler\\Crawler.php(358): App\\Scrapers\\Scraper->App\\Scrapers\\{closure}(Object(Symfony\\Component\\DomCrawler\\Crawler), 0)
#18 C:\\Users\\Infomedia\\Desktop\\pero\\alpaka-news\\app\\Scrapers\\Scraper.php(106): Symfony\\Component\\DomCrawler\\Crawler->each(Object(Closure))
#19 C:\\Users\\Infomedia\\Desktop\\pero\\alpaka-news\\app\\Console\\Commands\\GetArticles.php(44): App\\Scrapers\\Scraper->scrape(Object(App\\Models\\Source))
#20 C:\\Users\\Infomedia\\Desktop\\pero\\alpaka-news\\vendor\\laravel\\framework\\src\\Illuminate\\Container\\BoundMethod.php(36): App\\Console\\Commands\\GetArticles->handle()
#21 C:\\Users\\Infomedia\\Desktop\\pero\\alpaka-news\\vendor\\laravel\\framework\\src\\Illuminate\\Container\\Util.php(40): Illuminate\\Container\\BoundMethod::Illuminate\\Container\\{closure}()
#22 C:\\Users\\Infomedia\\Desktop\\pero\\alpaka-news\\vendor\\laravel\\framework\\src\\Illuminate\\Container\\BoundMethod.php(93): Illuminate\\Container\\Util::unwrapIfClosure(Object(Closure))
#23 C:\\Users\\Infomedia\\Desktop\\pero\\alpaka-news\\vendor\\laravel\\framework\\src\\Illuminate\\Container\\BoundMethod.php(37): Illuminate\\Container\\BoundMethod::callBoundMethod(Object(Illuminate\\Foundation\\Application), Array, Object(Closure))
#24 C:\\Users\\Infomedia\\Desktop\\pero\\alpaka-news\\vendor\\laravel\\framework\\src\\Illuminate\\Container\\Container.php(653): Illuminate\\Container\\BoundMethod::call(Object(Illuminate\\Foundation\\Application), Array, Array, NULL)
#25 C:\\Users\\Infomedia\\Desktop\\pero\\alpaka-news\\vendor\\laravel\\framework\\src\\Illuminate\\Console\\Command.php(136): Illuminate\\Container\\Container->call(Array)
#26 C:\\Users\\Infomedia\\Desktop\\pero\\alpaka-news\\vendor\\symfony\\console\\Command\\Command.php(298): Illuminate\\Console\\Command->execute(Object(Symfony\\Component\\Console\\Input\\ArrayInput), Object(Illuminate\\Console\\OutputStyle))
#27 C:\\Users\\Infomedia\\Desktop\\pero\\alpaka-news\\vendor\\laravel\\framework\\src\\Illuminate\\Console\\Command.php(121): Symfony\\Component\\Console\\Command\\Command->run(Object(Symfony\\Component\\Console\\Input\\ArrayInput), Object(Illuminate\\Console\\OutputStyle))
#28 C:\\Users\\Infomedia\\Desktop\\pero\\alpaka-news\\vendor\\symfony\\console\\Application.php(1040): Illuminate\\Console\\Command->run(Object(Symfony\\Component\\Console\\Input\\ArrayInput), Object(Symfony\\Component\\Console\\Output\\BufferedOutput))
#29 C:\\Users\\Infomedia\\Desktop\\pero\\alpaka-news\\vendor\\symfony\\console\\Application.php(301): Symfony\\Component\\Console\\Application->doRunCommand(Object(App\\Console\\Commands\\GetArticles), Object(Symfony\\Component\\Console\\Input\\ArrayInput), Object(Symfony\\Component\\Console\\Output\\BufferedOutput))
#30 C:\\Users\\Infomedia\\Desktop\\pero\\alpaka-news\\vendor\\symfony\\console\\Application.php(171): Symfony\\Component\\Console\\Application->doRun(Object(Symfony\\Component\\Console\\Input\\ArrayInput), Object(Symfony\\Component\\Console\\Output\\BufferedOutput))
#31 C:\\Users\\Infomedia\\Desktop\\pero\\alpaka-news\\vendor\\laravel\\framework\\src\\Illuminate\\Console\\Application.php(94): Symfony\\Component\\Console\\Application->run(Object(Symfony\\Component\\Console\\Input\\ArrayInput), Object(Symfony\\Component\\Console\\Output\\BufferedOutput))
#32 C:\\Users\\Infomedia\\Desktop\\pero\\alpaka-news\\vendor\\laravel\\framework\\src\\Illuminate\\Console\\Application.php(186): Illuminate\\Console\\Application->run(Object(Symfony\\Component\\Console\\Input\\ArrayInput), Object(Symfony\\Component\\Console\\Output\\BufferedOutput))
#33 C:\\Users\\Infomedia\\Desktop\\pero\\alpaka-news\\vendor\\laravel\\framework\\src\\Illuminate\\Foundation\\Console\\Kernel.php(263): Illuminate\\Console\\Application->call('articles:get', Array, NULL)
#34 C:\\Users\\Infomedia\\Desktop\\pero\\alpaka-news\\vendor\\laravel\\framework\\src\\Illuminate\\Support\\Facades\\Facade.php(261): Illuminate\\Foundation\\Console\\Kernel->call('articles:get', Array)
#35 C:\\Users\\Infomedia\\Desktop\\pero\\alpaka-news\\app\\Console\\Commands\\GetAllArticles.php(47): Illuminate\\Support\\Facades\\Facade::__callStatic('call', Array)
#36 C:\\Users\\Infomedia\\Desktop\\pero\\alpaka-news\\vendor\\laravel\\framework\\src\\Illuminate\\Container\\BoundMethod.php(36): App\\Console\\Commands\\GetAllArticles->handle()
#37 C:\\Users\\Infomedia\\Desktop\\pero\\alpaka-news\\vendor\\laravel\\framework\\src\\Illuminate\\Container\\Util.php(40): Illuminate\\Container\\BoundMethod::Illuminate\\Container\\{closure}()
#38 C:\\Users\\Infomedia\\Desktop\\pero\\alpaka-news\\vendor\\laravel\\framework\\src\\Illuminate\\Container\\BoundMethod.php(93): Illuminate\\Container\\Util::unwrapIfClosure(Object(Closure))
#39 C:\\Users\\Infomedia\\Desktop\\pero\\alpaka-news\\vendor\\laravel\\framework\\src\\Illuminate\\Container\\BoundMethod.php(37): Illuminate\\Container\\BoundMethod::callBoundMethod(Object(Illuminate\\Foundation\\Application), Array, Object(Closure))
#40 C:\\Users\\Infomedia\\Desktop\\pero\\alpaka-news\\vendor\\laravel\\framework\\src\\Illuminate\\Container\\Container.php(653): Illuminate\\Container\\BoundMethod::call(Object(Illuminate\\Foundation\\Application), Array, Array, NULL)
#41 C:\\Users\\Infomedia\\Desktop\\pero\\alpaka-news\\vendor\\laravel\\framework\\src\\Illuminate\\Console\\Command.php(136): Illuminate\\Container\\Container->call(Array)
#42 C:\\Users\\Infomedia\\Desktop\\pero\\alpaka-news\\vendor\\symfony\\console\\Command\\Command.php(298): Illuminate\\Console\\Command->execute(Object(Symfony\\Component\\Console\\Input\\ArgvInput), Object(Illuminate\\Console\\OutputStyle))
#43 C:\\Users\\Infomedia\\Desktop\\pero\\alpaka-news\\vendor\\laravel\\framework\\src\\Illuminate\\Console\\Command.php(121): Symfony\\Component\\Console\\Command\\Command->run(Object(Symfony\\Component\\Console\\Input\\ArgvInput), Object(Illuminate\\Console\\OutputStyle))
#44 C:\\Users\\Infomedia\\Desktop\\pero\\alpaka-news\\vendor\\symfony\\console\\Application.php(1040): Illuminate\\Console\\Command->run(Object(Symfony\\Component\\Console\\Input\\ArgvInput), Object(Symfony\\Component\\Console\\Output\\ConsoleOutput))
#45 C:\\Users\\Infomedia\\Desktop\\pero\\alpaka-news\\vendor\\symfony\\console\\Application.php(301): Symfony\\Component\\Console\\Application->doRunCommand(Object(App\\Console\\Commands\\GetAllArticles), Object(Symfony\\Component\\Console\\Input\\ArgvInput), Object(Symfony\\Component\\Console\\Output\\ConsoleOutput))
#46 C:\\Users\\Infomedia\\Desktop\\pero\\alpaka-news\\vendor\\symfony\\console\\Application.php(171): Symfony\\Component\\Console\\Application->doRun(Object(Symfony\\Component\\Console\\Input\\ArgvInput), Object(Symfony\\Component\\Console\\Output\\ConsoleOutput))
#47 C:\\Users\\Infomedia\\Desktop\\pero\\alpaka-news\\vendor\\laravel\\framework\\src\\Illuminate\\Console\\Application.php(94): Symfony\\Component\\Console\\Application->run(Object(Symfony\\Component\\Console\\Input\\ArgvInput), Object(Symfony\\Component\\Console\\Output\\ConsoleOutput))
#48 C:\\Users\\Infomedia\\Desktop\\pero\\alpaka-news\\vendor\\laravel\\framework\\src\\Illuminate\\Foundation\\Console\\Kernel.php(129): Illuminate\\Console\\Application->run(Object(Symfony\\Component\\Console\\Input\\ArgvInput), Object(Symfony\\Component\\Console\\Output\\ConsoleOutput))
#49 C:\\Users\\Infomedia\\Desktop\\pero\\alpaka-news\\artisan(37): Illuminate\\Foundation\\Console\\Kernel->handle(Object(Symfony\\Component\\Console\\Input\\ArgvInput), Object(Symfony\\Component\\Console\\Output\\ConsoleOutput))
#50 {main}
"} 
[2023-01-03 11:37:04] local.ERROR: The current node list is empty. {"exception":"[object] (InvalidArgumentException(code: 0): The current node list is empty. at C:\\Users\\Infomedia\\Desktop\\pero\\alpaka-news\\vendor\\symfony\\dom-crawler\\Crawler.php:620)
[stacktrace]
#0 C:\\Users\\Infomedia\\Desktop\\pero\\alpaka-news\\app\\Scrapers\\Scraper.php(136): Symfony\\Component\\DomCrawler\\Crawler->text()
#1 C:\\Users\\Infomedia\\Desktop\\pero\\alpaka-news\\app\\Scrapers\\Scraper.php(105): App\\Scrapers\\Scraper->scrapeContent(Object(App\\Models\\Article))
#2 C:\\Users\\Infomedia\\Desktop\\pero\\alpaka-news\\vendor\\symfony\\dom-crawler\\Crawler.php(358): App\\Scrapers\\Scraper->App\\Scrapers\\{closure}(Object(Symfony\\Component\\DomCrawler\\Crawler), 56)
#3 C:\\Users\\Infomedia\\Desktop\\pero\\alpaka-news\\app\\Scrapers\\Scraper.php(106): Symfony\\Component\\DomCrawler\\Crawler->each(Object(Closure))
#4 C:\\Users\\Infomedia\\Desktop\\pero\\alpaka-news\\app\\Console\\Commands\\GetArticles.php(44): App\\Scrapers\\Scraper->scrape(Object(App\\Models\\Source))
#5 C:\\Users\\Infomedia\\Desktop\\pero\\alpaka-news\\vendor\\laravel\\framework\\src\\Illuminate\\Container\\BoundMethod.php(36): App\\Console\\Commands\\GetArticles->handle()
#6 C:\\Users\\Infomedia\\Desktop\\pero\\alpaka-news\\vendor\\laravel\\framework\\src\\Illuminate\\Container\\Util.php(40): Illuminate\\Container\\BoundMethod::Illuminate\\Container\\{closure}()
#7 C:\\Users\\Infomedia\\Desktop\\pero\\alpaka-news\\vendor\\laravel\\framework\\src\\Illuminate\\Container\\BoundMethod.php(93): Illuminate\\Container\\Util::unwrapIfClosure(Object(Closure))
#8 C:\\Users\\Infomedia\\Desktop\\pero\\alpaka-news\\vendor\\laravel\\framework\\src\\Illuminate\\Container\\BoundMethod.php(37): Illuminate\\Container\\BoundMethod::callBoundMethod(Object(Illuminate\\Foundation\\Application), Array, Object(Closure))
#9 C:\\Users\\Infomedia\\Desktop\\pero\\alpaka-news\\vendor\\laravel\\framework\\src\\Illuminate\\Container\\Container.php(653): Illuminate\\Container\\BoundMethod::call(Object(Illuminate\\Foundation\\Application), Array, Array, NULL)
#10 C:\\Users\\Infomedia\\Desktop\\pero\\alpaka-news\\vendor\\laravel\\framework\\src\\Illuminate\\Console\\Command.php(136): Illuminate\\Container\\Container->call(Array)
#11 C:\\Users\\Infomedia\\Desktop\\pero\\alpaka-news\\vendor\\symfony\\console\\Command\\Command.php(298): Illuminate\\Console\\Command->execute(Object(Symfony\\Component\\Console\\Input\\ArrayInput), Object(Illuminate\\Console\\OutputStyle))
#12 C:\\Users\\Infomedia\\Desktop\\pero\\alpaka-news\\vendor\\laravel\\framework\\src\\Illuminate\\Console\\Command.php(121): Symfony\\Component\\Console\\Command\\Command->run(Object(Symfony\\Component\\Console\\Input\\ArrayInput), Object(Illuminate\\Console\\OutputStyle))
#13 C:\\Users\\Infomedia\\Desktop\\pero\\alpaka-news\\vendor\\symfony\\console\\Application.php(1040): Illuminate\\Console\\Command->run(Object(Symfony\\Component\\Console\\Input\\ArrayInput), Object(Symfony\\Component\\Console\\Output\\BufferedOutput))
#14 C:\\Users\\Infomedia\\Desktop\\pero\\alpaka-news\\vendor\\symfony\\console\\Application.php(301): Symfony\\Component\\Console\\Application->doRunCommand(Object(App\\Console\\Commands\\GetArticles), Object(Symfony\\Component\\Console\\Input\\ArrayInput), Object(Symfony\\Component\\Console\\Output\\BufferedOutput))
#15 C:\\Users\\Infomedia\\Desktop\\pero\\alpaka-news\\vendor\\symfony\\console\\Application.php(171): Symfony\\Component\\Console\\Application->doRun(Object(Symfony\\Component\\Console\\Input\\ArrayInput), Object(Symfony\\Component\\Console\\Output\\BufferedOutput))
#16 C:\\Users\\Infomedia\\Desktop\\pero\\alpaka-news\\vendor\\laravel\\framework\\src\\Illuminate\\Console\\Application.php(94): Symfony\\Component\\Console\\Application->run(Object(Symfony\\Component\\Console\\Input\\ArrayInput), Object(Symfony\\Component\\Console\\Output\\BufferedOutput))
#17 C:\\Users\\Infomedia\\Desktop\\pero\\alpaka-news\\vendor\\laravel\\framework\\src\\Illuminate\\Console\\Application.php(186): Illuminate\\Console\\Application->run(Object(Symfony\\Component\\Console\\Input\\ArrayInput), Object(Symfony\\Component\\Console\\Output\\BufferedOutput))
#18 C:\\Users\\Infomedia\\Desktop\\pero\\alpaka-news\\vendor\\laravel\\framework\\src\\Illuminate\\Foundation\\Console\\Kernel.php(263): Illuminate\\Console\\Application->call('articles:get', Array, NULL)
#19 C:\\Users\\Infomedia\\Desktop\\pero\\alpaka-news\\vendor\\laravel\\framework\\src\\Illuminate\\Support\\Facades\\Facade.php(261): Illuminate\\Foundation\\Console\\Kernel->call('articles:get', Array)
#20 C:\\Users\\Infomedia\\Desktop\\pero\\alpaka-news\\app\\Console\\Commands\\GetAllArticles.php(47): Illuminate\\Support\\Facades\\Facade::__callStatic('call', Array)
#21 C:\\Users\\Infomedia\\Desktop\\pero\\alpaka-news\\vendor\\laravel\\framework\\src\\Illuminate\\Container\\BoundMethod.php(36): App\\Console\\Commands\\GetAllArticles->handle()
#22 C:\\Users\\Infomedia\\Desktop\\pero\\alpaka-news\\vendor\\laravel\\framework\\src\\Illuminate\\Container\\Util.php(40): Illuminate\\Container\\BoundMethod::Illuminate\\Container\\{closure}()
#23 C:\\Users\\Infomedia\\Desktop\\pero\\alpaka-news\\vendor\\laravel\\framework\\src\\Illuminate\\Container\\BoundMethod.php(93): Illuminate\\Container\\Util::unwrapIfClosure(Object(Closure))
#24 C:\\Users\\Infomedia\\Desktop\\pero\\alpaka-news\\vendor\\laravel\\framework\\src\\Illuminate\\Container\\BoundMethod.php(37): Illuminate\\Container\\BoundMethod::callBoundMethod(Object(Illuminate\\Foundation\\Application), Array, Object(Closure))
#25 C:\\Users\\Infomedia\\Desktop\\pero\\alpaka-news\\vendor\\laravel\\framework\\src\\Illuminate\\Container\\Container.php(653): Illuminate\\Container\\BoundMethod::call(Object(Illuminate\\Foundation\\Application), Array, Array, NULL)
#26 C:\\Users\\Infomedia\\Desktop\\pero\\alpaka-news\\vendor\\laravel\\framework\\src\\Illuminate\\Console\\Command.php(136): Illuminate\\Container\\Container->call(Array)
#27 C:\\Users\\Infomedia\\Desktop\\pero\\alpaka-news\\vendor\\symfony\\console\\Command\\Command.php(298): Illuminate\\Console\\Command->execute(Object(Symfony\\Component\\Console\\Input\\ArgvInput), Object(Illuminate\\Console\\OutputStyle))
#28 C:\\Users\\Infomedia\\Desktop\\pero\\alpaka-news\\vendor\\laravel\\framework\\src\\Illuminate\\Console\\Command.php(121): Symfony\\Component\\Console\\Command\\Command->run(Object(Symfony\\Component\\Console\\Input\\ArgvInput), Object(Illuminate\\Console\\OutputStyle))
#29 C:\\Users\\Infomedia\\Desktop\\pero\\alpaka-news\\vendor\\symfony\\console\\Application.php(1040): Illuminate\\Console\\Command->run(Object(Symfony\\Component\\Console\\Input\\ArgvInput), Object(Symfony\\Component\\Console\\Output\\ConsoleOutput))
#30 C:\\Users\\Infomedia\\Desktop\\pero\\alpaka-news\\vendor\\symfony\\console\\Application.php(301): Symfony\\Component\\Console\\Application->doRunCommand(Object(App\\Console\\Commands\\GetAllArticles), Object(Symfony\\Component\\Console\\Input\\ArgvInput), Object(Symfony\\Component\\Console\\Output\\ConsoleOutput))
#31 C:\\Users\\Infomedia\\Desktop\\pero\\alpaka-news\\vendor\\symfony\\console\\Application.php(171): Symfony\\Component\\Console\\Application->doRun(Object(Symfony\\Component\\Console\\Input\\ArgvInput), Object(Symfony\\Component\\Console\\Output\\ConsoleOutput))
#32 C:\\Users\\Infomedia\\Desktop\\pero\\alpaka-news\\vendor\\laravel\\framework\\src\\Illuminate\\Console\\Application.php(94): Symfony\\Component\\Console\\Application->run(Object(Symfony\\Component\\Console\\Input\\ArgvInput), Object(Symfony\\Component\\Console\\Output\\ConsoleOutput))
#33 C:\\Users\\Infomedia\\Desktop\\pero\\alpaka-news\\vendor\\laravel\\framework\\src\\Illuminate\\Foundation\\Console\\Kernel.php(129): Illuminate\\Console\\Application->run(Object(Symfony\\Component\\Console\\Input\\ArgvInput), Object(Symfony\\Component\\Console\\Output\\ConsoleOutput))
#34 C:\\Users\\Infomedia\\Desktop\\pero\\alpaka-news\\artisan(37): Illuminate\\Foundation\\Console\\Kernel->handle(Object(Symfony\\Component\\Console\\Input\\ArgvInput), Object(Symfony\\Component\\Console\\Output\\ConsoleOutput))
#35 {main}
"} 
